TN:
SF:apps/web/src/Haptics.ts
FN:1,<instance_members_initializer>
FN:5,Haptics
FN:11,loadSettings
FN:16,saveSettings
FN:21,tap
FN:28,pattern
FN:35,strokeClosure
FN:39,raceStart
FN:43,finishLine
FN:47,dnf
FN:51,uiTap
FN:55,get isEnabled
FN:62,getHaptics
FNF:13
FNH:13
FNDA:10,<instance_members_initializer>
FNDA:10,Haptics
FNDA:10,loadSettings
FNDA:8,saveSettings
FNDA:9,tap
FNDA:3,pattern
FNDA:2,strokeClosure
FNDA:2,raceStart
FNDA:2,finishLine
FNDA:1,dnf
FNDA:1,uiTap
FNDA:4,get isEnabled
FNDA:10,getHaptics
DA:1,1
DA:2,10
DA:3,10
DA:5,10
DA:6,10
DA:7,10
DA:8,10
DA:9,10
DA:11,10
DA:12,10
DA:13,10
DA:14,10
DA:16,10
DA:17,8
DA:18,8
DA:19,8
DA:21,10
DA:22,9
DA:23,9
DA:24,3
DA:25,3
DA:26,9
DA:28,10
DA:29,3
DA:30,3
DA:31,1
DA:32,1
DA:33,3
DA:35,10
DA:36,2
DA:37,2
DA:39,10
DA:40,2
DA:41,2
DA:43,10
DA:44,2
DA:45,2
DA:47,10
DA:48,1
DA:49,1
DA:51,10
DA:52,1
DA:53,1
DA:55,10
DA:56,4
DA:57,4
DA:58,10
DA:60,1
DA:62,1
DA:63,10
DA:64,10
DA:65,10
DA:66,10
DA:67,10
LF:54
LH:54
BRDA:1,0,0,10
BRDA:5,1,0,10
BRDA:11,2,0,10
BRDA:16,3,0,8
BRDA:21,4,0,9
BRDA:22,5,0,8
BRDA:22,6,0,1
BRDA:22,7,0,8
BRDA:23,8,0,3
BRDA:28,9,0,3
BRDA:29,10,0,0
BRDA:30,11,0,1
BRDA:35,12,0,2
BRDA:39,13,0,2
BRDA:43,14,0,2
BRDA:47,15,0,1
BRDA:51,16,0,1
BRDA:55,17,0,4
BRDA:62,18,0,10
BRF:19
BRH:18
end_of_record
TN:
SF:apps/web/src/Particles.ts
FN:20,<instance_members_initializer>
FN:31,ParticleSystem
FN:38,buildDustSprite
FN:52,setParticleLevel
FN:56,emitDust
FN:91,emitConfetti
FN:122,update
FN:162,renderDust
FN:187,renderConfetti
FN:224,render
FN:229,clear
FN:233,get count
FNF:12
FNH:11
FNDA:14,<instance_members_initializer>
FNDA:14,ParticleSystem
FNDA:14,buildDustSprite
FNDA:3,setParticleLevel
FNDA:107,emitDust
FNDA:5,emitConfetti
FNDA:1,update
FNDA:2,renderDust
FNDA:1,renderConfetti
FNDA:0,render
FNDA:1,clear
FNDA:14,get count
DA:1,1
DA:2,1
DA:3,1
DA:4,1
DA:20,1
DA:21,14
DA:22,14
DA:23,14
DA:24,14
DA:25,14
DA:26,14
DA:27,14
DA:28,14
DA:29,14
DA:31,14
DA:32,14
DA:33,14
DA:34,14
DA:35,14
DA:36,14
DA:38,14
DA:39,14
DA:40,14
DA:41,14
DA:42,14
DA:43,14
DA:44,0
DA:45,0
DA:46,0
DA:47,0
DA:48,0
DA:49,0
DA:50,14
DA:52,14
DA:53,3
DA:54,3
DA:56,14
DA:57,107
DA:59,107
DA:61,2
DA:62,2
DA:63,2
DA:64,2
DA:65,2
DA:66,2
DA:68,104
DA:69,104
DA:70,68
DA:72,67
DA:73,107
DA:74,107
DA:75,67
DA:76,67
DA:77,67
DA:78,67
DA:79,67
DA:80,67
DA:81,67
DA:82,67
DA:83,67
DA:84,67
DA:85,67
DA:86,67
DA:87,67
DA:88,67
DA:89,107
DA:91,14
DA:92,5
DA:94,5
DA:96,1
DA:97,1
DA:98,1
DA:99,1
DA:100,1
DA:102,5
DA:103,5
DA:104,100
DA:105,100
DA:106,100
DA:107,100
DA:108,100
DA:109,100
DA:110,100
DA:111,100
DA:112,100
DA:113,100
DA:114,100
DA:115,100
DA:116,100
DA:117,100
DA:118,100
DA:119,100
DA:120,5
DA:122,14
DA:123,1
DA:126,1
DA:127,0
DA:128,0
DA:129,0
DA:130,0
DA:131,0
DA:132,0
DA:133,0
DA:134,0
DA:135,0
DA:136,0
DA:137,0
DA:138,0
DA:139,0
DA:141,1
DA:142,1
DA:143,1
DA:144,1
DA:145,1
DA:146,1
DA:147,1
DA:149,0
DA:150,0
DA:151,0
DA:152,0
DA:153,0
DA:154,0
DA:155,0
DA:156,0
DA:157,0
DA:158,0
DA:159,1
DA:160,1
DA:162,14
DA:163,2
DA:164,1
DA:165,0
DA:166,0
DA:167,0
DA:168,0
DA:169,0
DA:170,1
DA:171,1
DA:173,1
DA:174,1
DA:175,1
DA:176,1
DA:177,1
DA:178,1
DA:179,1
DA:180,1
DA:181,0
DA:182,0
DA:183,1
DA:184,1
DA:185,2
DA:187,14
DA:188,1
DA:189,0
DA:190,0
DA:191,0
DA:193,0
DA:194,0
DA:195,0
DA:196,0
DA:197,0
DA:198,0
DA:199,0
DA:200,0
DA:201,0
DA:202,0
DA:203,0
DA:204,0
DA:205,0
DA:206,0
DA:207,0
DA:208,0
DA:209,0
DA:211,1
DA:212,1
DA:213,0
DA:214,0
DA:215,0
DA:216,0
DA:217,0
DA:218,0
DA:219,0
DA:220,0
DA:221,0
DA:222,1
DA:224,14
DA:225,0
DA:226,0
DA:227,0
DA:229,14
DA:230,1
DA:231,1
DA:233,14
DA:234,14
DA:235,14
DA:236,14
LF:196
LH:128
BRDA:20,0,0,14
BRDA:31,1,0,14
BRDA:38,2,0,14
BRDA:43,3,0,0
BRDA:52,4,0,3
BRDA:56,5,0,107
BRDA:57,6,0,1
BRDA:57,7,0,106
BRDA:59,8,0,2
BRDA:66,9,0,104
BRDA:69,10,0,36
BRDA:69,11,0,68
BRDA:70,12,0,1
BRDA:70,13,0,67
BRDA:73,14,0,0
BRDA:73,15,0,67
BRDA:74,16,0,67
BRDA:68,17,0,4320
BRDA:91,18,0,5
BRDA:92,19,0,1
BRDA:92,20,0,4
BRDA:94,21,0,1
BRDA:100,22,0,3
BRDA:102,23,0,1
BRDA:102,24,0,2
BRDA:103,25,0,100
BRDA:119,26,0,3
BRDA:122,27,0,1
BRDA:126,28,0,0
BRDA:147,29,0,0
BRDA:162,30,0,2
BRDA:163,31,0,1
BRDA:164,32,0,0
BRDA:174,33,0,0
BRDA:180,34,0,0
BRDA:187,35,0,1
BRDA:188,36,0,0
BRDA:212,37,0,0
BRDA:229,38,0,1
BRDA:233,39,0,14
BRF:40
BRH:31
end_of_record
TN:
SF:apps/web/src/PerformanceManager.ts
FN:1,<instance_members_initializer>
FN:6,PerformanceManager
FN:12,recordFrame
FN:37,get particleLevel
FN:41,get maxGhosts
FN:46,get simFrequency
FN:50,get simDt
FN:54,reset
FN:67,getPerformanceManager
FNF:9
FNH:9
FNDA:8,<instance_members_initializer>
FNDA:8,PerformanceManager
FNDA:144,recordFrame
FNDA:7,get particleLevel
FNDA:3,get maxGhosts
FNDA:3,get simFrequency
FNDA:3,get simDt
FNDA:9,reset
FNDA:8,getPerformanceManager
DA:1,1
DA:2,8
DA:3,8
DA:4,8
DA:5,8
DA:6,8
DA:7,8
DA:8,1
DA:9,1
DA:10,8
DA:12,8
DA:13,144
DA:14,144
DA:15,0
DA:16,0
DA:18,144
DA:21,30
DA:22,30
DA:26,144
DA:27,4
DA:28,4
DA:29,144
DA:30,5
DA:31,5
DA:32,144
DA:33,3
DA:34,3
DA:35,144
DA:37,8
DA:38,7
DA:39,7
DA:41,8
DA:42,3
DA:43,2
DA:44,3
DA:46,8
DA:47,3
DA:48,3
DA:50,8
DA:51,3
DA:52,3
DA:54,8
DA:55,9
DA:56,9
DA:57,9
DA:58,1
DA:59,9
DA:60,8
DA:61,8
DA:62,9
DA:63,8
DA:65,1
DA:67,1
DA:68,8
DA:69,8
DA:70,8
DA:71,8
DA:72,8
LF:58
LH:56
BRDA:1,0,0,8
BRDA:6,1,0,8
BRDA:7,2,0,1
BRDA:12,3,0,144
BRDA:14,4,0,0
BRDA:18,5,0,114
BRDA:18,6,0,30
BRDA:26,7,0,24
BRDA:26,8,0,4
BRDA:28,9,0,30
BRDA:29,10,0,5
BRDA:31,11,0,30
BRDA:32,12,0,18
BRDA:32,13,0,3
BRDA:22,14,0,600
BRDA:37,15,0,7
BRDA:41,16,0,3
BRDA:42,17,0,1
BRDA:42,18,0,2
BRDA:46,19,0,3
BRDA:50,20,0,3
BRDA:54,21,0,9
BRDA:57,22,0,1
BRDA:59,23,0,8
BRDA:67,24,0,8
BRF:25
BRH:24
end_of_record
TN:
SF:apps/web/src/Renderer.ts
FN:1,(empty-report)
FNF:1
FNH:1
FNDA:1,(empty-report)
DA:3,0
DA:8,0
DA:9,0
DA:10,0
DA:11,0
DA:12,0
DA:13,0
DA:14,0
DA:15,0
DA:17,0
DA:19,0
DA:20,0
DA:21,0
DA:24,0
DA:25,0
DA:26,0
DA:27,0
DA:28,0
DA:29,0
DA:30,0
DA:31,0
DA:32,0
DA:33,0
DA:35,0
DA:36,0
DA:37,0
DA:38,0
DA:39,0
DA:40,0
DA:41,0
DA:42,0
DA:43,0
DA:46,0
DA:47,0
DA:48,0
DA:51,0
DA:52,0
DA:54,0
DA:55,0
DA:56,0
DA:57,0
DA:58,0
DA:59,0
DA:60,0
DA:61,0
DA:62,0
DA:65,0
DA:66,0
DA:68,0
DA:69,0
DA:70,0
DA:71,0
DA:72,0
DA:73,0
DA:74,0
DA:75,0
DA:76,0
DA:77,0
DA:78,0
DA:79,0
DA:80,0
DA:81,0
DA:82,0
DA:83,0
DA:84,0
DA:85,0
DA:87,0
DA:88,0
DA:89,0
DA:90,0
DA:91,0
DA:92,0
DA:93,0
DA:94,0
DA:95,0
DA:96,0
DA:98,0
DA:99,0
DA:102,0
DA:103,0
DA:104,0
DA:105,0
DA:106,0
DA:107,0
DA:108,0
DA:109,0
DA:110,0
DA:111,0
DA:112,0
DA:113,0
DA:114,0
DA:115,0
DA:116,0
DA:117,0
DA:118,0
DA:119,0
DA:120,0
DA:121,0
DA:122,0
DA:123,0
DA:124,0
DA:125,0
DA:128,0
DA:129,0
DA:130,0
DA:131,0
DA:132,0
DA:133,0
DA:134,0
DA:135,0
DA:136,0
DA:137,0
DA:138,0
DA:139,0
DA:140,0
DA:141,0
DA:142,0
DA:143,0
DA:144,0
DA:145,0
DA:146,0
DA:147,0
DA:148,0
DA:167,0
DA:168,0
DA:169,0
DA:170,0
DA:171,0
DA:172,0
DA:174,0
DA:175,0
DA:177,0
DA:179,0
DA:180,0
DA:181,0
DA:183,0
DA:184,0
DA:185,0
DA:186,0
DA:188,0
DA:189,0
DA:190,0
DA:191,0
DA:194,0
DA:195,0
DA:198,0
DA:199,0
DA:200,0
DA:201,0
DA:202,0
DA:203,0
DA:204,0
DA:205,0
DA:206,0
DA:207,0
DA:208,0
DA:210,0
DA:211,0
DA:213,0
DA:214,0
DA:215,0
DA:218,0
DA:219,0
DA:220,0
DA:221,0
DA:222,0
DA:223,0
DA:224,0
DA:226,0
DA:227,0
DA:228,0
DA:229,0
DA:230,0
DA:231,0
DA:232,0
DA:233,0
DA:234,0
DA:235,0
DA:236,0
DA:237,0
DA:238,0
DA:240,0
DA:241,0
DA:242,0
DA:243,0
DA:244,0
DA:249,0
DA:250,0
DA:251,0
DA:252,0
DA:253,0
DA:254,0
DA:255,0
DA:257,0
DA:259,0
DA:261,0
DA:262,0
DA:263,0
DA:264,0
DA:267,0
DA:268,0
DA:269,0
DA:272,0
DA:273,0
DA:274,0
DA:275,0
DA:276,0
DA:277,0
DA:278,0
DA:279,0
DA:280,0
DA:281,0
DA:282,0
DA:283,0
DA:284,0
DA:287,0
DA:290,0
DA:293,0
DA:294,0
DA:297,0
DA:298,0
DA:299,0
DA:302,0
DA:303,0
DA:304,0
DA:305,0
DA:306,0
DA:307,0
DA:310,0
DA:311,0
DA:312,0
DA:313,0
DA:314,0
DA:315,0
DA:316,0
DA:317,0
DA:318,0
DA:319,0
DA:320,0
DA:321,0
DA:322,0
DA:323,0
DA:324,0
DA:325,0
DA:326,0
DA:327,0
DA:328,0
DA:329,0
DA:330,0
DA:331,0
DA:334,0
DA:335,0
DA:336,0
DA:338,0
DA:339,0
DA:340,0
DA:341,0
DA:342,0
DA:343,0
DA:346,0
DA:347,0
DA:348,0
DA:349,0
DA:351,0
DA:352,0
DA:356,0
DA:357,0
DA:358,0
DA:359,0
DA:360,0
DA:362,0
DA:363,0
DA:366,0
DA:367,0
DA:368,0
DA:369,0
DA:372,0
DA:373,0
DA:375,0
DA:376,0
DA:377,0
DA:378,0
DA:379,0
DA:380,0
DA:381,0
DA:382,0
DA:383,0
DA:391,0
DA:392,0
DA:393,0
DA:394,0
DA:395,0
DA:398,0
DA:399,0
DA:401,0
DA:402,0
DA:404,0
DA:406,0
DA:407,0
DA:408,0
DA:410,0
DA:411,0
DA:412,0
DA:413,0
DA:414,0
DA:415,0
DA:416,0
DA:420,0
DA:421,0
DA:423,0
DA:425,0
DA:429,0
DA:430,0
DA:433,0
DA:434,0
DA:435,0
DA:436,0
DA:437,0
DA:439,0
DA:440,0
DA:441,0
DA:442,0
DA:443,0
DA:444,0
DA:445,0
DA:446,0
DA:447,0
DA:449,0
DA:450,0
DA:451,0
DA:452,0
DA:454,0
DA:455,0
DA:456,0
DA:457,0
DA:458,0
DA:460,0
DA:461,0
DA:462,0
DA:463,0
DA:464,0
DA:465,0
DA:466,0
DA:468,0
DA:469,0
DA:470,0
DA:471,0
DA:472,0
DA:473,0
DA:474,0
DA:475,0
DA:476,0
DA:477,0
DA:478,0
DA:479,0
DA:480,0
DA:481,0
DA:482,0
DA:483,0
DA:484,0
DA:485,0
DA:486,0
DA:487,0
DA:488,0
DA:489,0
DA:491,0
DA:492,0
DA:494,0
DA:495,0
DA:496,0
DA:498,0
DA:499,0
DA:500,0
DA:502,0
DA:503,0
DA:506,0
DA:507,0
DA:508,0
DA:509,0
DA:510,0
DA:511,0
DA:512,0
DA:513,0
DA:514,0
DA:515,0
DA:516,0
DA:517,0
DA:518,0
DA:519,0
DA:520,0
DA:521,0
DA:522,0
DA:523,0
DA:524,0
DA:527,0
DA:528,0
DA:529,0
DA:530,0
DA:531,0
DA:532,0
DA:533,0
DA:534,0
DA:535,0
DA:536,0
DA:537,0
DA:538,0
DA:539,0
DA:540,0
DA:541,0
DA:544,0
DA:545,0
DA:546,0
DA:547,0
DA:548,0
DA:549,0
DA:550,0
DA:551,0
DA:552,0
DA:553,0
DA:556,0
DA:557,0
DA:558,0
DA:559,0
DA:560,0
DA:561,0
DA:562,0
DA:563,0
DA:566,0
DA:567,0
DA:568,0
DA:569,0
DA:570,0
DA:571,0
DA:572,0
DA:573,0
DA:574,0
DA:575,0
DA:576,0
DA:577,0
DA:578,0
DA:579,0
DA:581,0
DA:582,0
DA:583,0
DA:584,0
DA:585,0
DA:586,0
DA:587,0
DA:588,0
DA:589,0
DA:590,0
DA:591,0
DA:592,0
DA:593,0
DA:594,0
DA:597,0
DA:598,0
DA:599,0
DA:600,0
DA:601,0
DA:602,0
DA:603,0
DA:604,0
DA:605,0
DA:606,0
DA:607,0
DA:608,0
DA:609,0
DA:612,0
DA:613,0
DA:614,0
DA:615,0
DA:617,0
DA:618,0
DA:619,0
DA:620,0
DA:621,0
DA:623,0
DA:624,0
DA:626,0
DA:627,0
DA:628,0
DA:629,0
DA:630,0
DA:631,0
DA:632,0
DA:633,0
DA:634,0
DA:635,0
DA:637,0
DA:638,0
DA:639,0
DA:641,0
DA:642,0
DA:643,0
DA:644,0
DA:645,0
DA:646,0
DA:647,0
DA:648,0
DA:649,0
DA:652,0
DA:654,0
DA:655,0
DA:656,0
DA:657,0
DA:658,0
DA:659,0
DA:660,0
DA:661,0
DA:662,0
DA:663,0
DA:665,0
DA:667,0
DA:668,0
DA:669,0
DA:670,0
DA:671,0
DA:674,0
DA:675,0
DA:678,0
DA:679,0
DA:680,0
DA:681,0
DA:682,0
DA:685,0
DA:686,0
DA:687,0
DA:688,0
DA:689,0
DA:690,0
DA:691,0
DA:693,0
DA:697,0
DA:698,0
DA:699,0
DA:701,0
DA:702,0
DA:703,0
DA:704,0
DA:705,0
DA:706,0
DA:707,0
DA:708,0
DA:709,0
DA:710,0
DA:711,0
DA:712,0
DA:713,0
DA:715,0
DA:716,0
DA:717,0
DA:719,0
DA:721,0
DA:722,0
DA:723,0
DA:724,0
DA:725,0
DA:727,0
DA:728,0
DA:730,0
DA:731,0
DA:733,0
DA:734,0
DA:735,0
DA:737,0
DA:738,0
DA:739,0
DA:741,0
DA:742,0
DA:743,0
DA:744,0
DA:747,0
DA:748,0
DA:749,0
DA:750,0
DA:751,0
DA:752,0
DA:754,0
DA:755,0
DA:757,0
DA:758,0
DA:760,0
DA:761,0
DA:763,0
DA:764,0
DA:765,0
DA:767,0
DA:768,0
DA:769,0
DA:770,0
DA:772,0
DA:773,0
DA:776,0
DA:777,0
DA:778,0
DA:779,0
DA:780,0
DA:781,0
DA:782,0
DA:785,0
DA:786,0
DA:787,0
DA:788,0
DA:789,0
DA:791,0
DA:792,0
DA:793,0
DA:794,0
DA:795,0
DA:796,0
DA:797,0
DA:798,0
DA:799,0
DA:800,0
DA:801,0
DA:802,0
DA:803,0
DA:805,0
DA:806,0
DA:807,0
DA:808,0
DA:809,0
DA:811,0
DA:813,0
DA:814,0
DA:815,0
DA:816,0
DA:817,0
DA:818,0
DA:819,0
DA:821,0
DA:822,0
DA:823,0
DA:824,0
DA:826,0
DA:827,0
DA:829,0
DA:830,0
DA:833,0
DA:834,0
DA:835,0
DA:836,0
DA:837,0
DA:838,0
DA:839,0
DA:840,0
DA:841,0
DA:842,0
DA:844,0
DA:845,0
DA:847,0
DA:848,0
DA:849,0
DA:850,0
DA:851,0
DA:852,0
DA:853,0
DA:854,0
DA:857,0
DA:858,0
DA:859,0
DA:861,0
DA:862,0
DA:863,0
DA:864,0
DA:865,0
DA:866,0
DA:867,0
DA:868,0
DA:870,0
DA:873,0
DA:874,0
DA:875,0
DA:877,0
DA:879,0
DA:880,0
DA:881,0
DA:882,0
DA:883,0
DA:884,0
DA:885,0
DA:886,0
DA:887,0
DA:888,0
DA:889,0
DA:891,0
DA:893,0
DA:895,0
DA:896,0
DA:897,0
DA:898,0
DA:899,0
DA:900,0
DA:901,0
DA:902,0
DA:904,0
DA:905,0
DA:906,0
DA:907,0
DA:908,0
DA:909,0
DA:912,0
DA:915,0
DA:916,0
DA:917,0
DA:918,0
DA:921,0
DA:922,0
DA:923,0
DA:924,0
DA:927,0
DA:928,0
DA:929,0
DA:930,0
DA:931,0
DA:932,0
DA:933,0
DA:934,0
DA:935,0
DA:937,0
DA:938,0
DA:941,0
DA:942,0
DA:944,0
DA:945,0
DA:946,0
DA:947,0
DA:948,0
DA:949,0
DA:950,0
DA:952,0
DA:953,0
DA:954,0
DA:955,0
DA:956,0
DA:957,0
DA:958,0
DA:959,0
DA:960,0
DA:961,0
DA:965,0
DA:967,0
DA:968,0
DA:971,0
DA:972,0
DA:973,0
DA:974,0
DA:975,0
DA:976,0
DA:977,0
DA:978,0
DA:979,0
DA:982,0
DA:983,0
DA:984,0
DA:986,0
DA:987,0
DA:988,0
DA:991,0
DA:992,0
DA:993,0
DA:996,0
DA:999,0
DA:1002,0
DA:1003,0
DA:1004,0
DA:1006,0
DA:1007,0
DA:1009,0
DA:1010,0
DA:1011,0
DA:1012,0
DA:1013,0
DA:1015,0
DA:1016,0
DA:1017,0
DA:1018,0
DA:1019,0
DA:1021,0
DA:1022,0
DA:1023,0
DA:1024,0
DA:1025,0
DA:1026,0
DA:1027,0
DA:1028,0
DA:1029,0
DA:1030,0
DA:1031,0
DA:1032,0
DA:1034,0
DA:1035,0
DA:1036,0
DA:1038,0
DA:1039,0
DA:1040,0
DA:1041,0
DA:1043,0
DA:1044,0
DA:1045,0
DA:1046,0
DA:1048,0
DA:1051,0
DA:1053,0
DA:1055,0
DA:1056,0
DA:1058,0
DA:1059,0
DA:1061,0
DA:1062,0
DA:1064,0
DA:1065,0
DA:1066,0
DA:1067,0
DA:1068,0
DA:1069,0
DA:1070,0
DA:1071,0
DA:1072,0
DA:1075,0
DA:1076,0
DA:1077,0
DA:1078,0
DA:1079,0
DA:1080,0
DA:1081,0
DA:1083,0
DA:1084,0
DA:1085,0
DA:1086,0
DA:1087,0
DA:1088,0
DA:1089,0
DA:1090,0
DA:1092,0
DA:1095,0
DA:1096,0
DA:1097,0
DA:1098,0
DA:1099,0
DA:1100,0
DA:1101,0
DA:1103,0
DA:1104,0
DA:1105,0
DA:1106,0
DA:1107,0
DA:1108,0
DA:1109,0
DA:1110,0
DA:1112,0
DA:1113,0
DA:1114,0
DA:1115,0
DA:1116,0
DA:1117,0
DA:1118,0
DA:1119,0
DA:1120,0
DA:1121,0
DA:1122,0
DA:1125,0
DA:1126,0
DA:1127,0
LF:865
LH:0
BRDA:1,0,0,1
BRF:1
BRH:1
end_of_record
TN:
SF:apps/web/src/Sound.ts
FN:29,<instance_members_initializer>
FN:46,SoundManager
FN:52,loadSettings
FN:57,saveSettings
FN:68,getContext
FN:94,loadSound
FN:126,loadSoundWithFallback
FN:146,preloadSounds
FN:158,playOneShot
FN:177,playCountdown
FN:181,playGo
FN:186,playFinishLine
FN:190,playDnf
FN:194,playStrokeClosure
FN:198,playBounce
FN:204,playWhoosh
FN:208,playUiTap
FN:212,playClear
FN:220,startMotorHum
FN:250,updateMotorSpeed
FN:258,stopMotorHum
FN:282,get isEnabled
FN:286,dispose
FN:299,getSoundManager
FNF:24
FNH:23
FNDA:17,<instance_members_initializer>
FNDA:17,SoundManager
FNDA:17,loadSettings
FNDA:4,saveSettings
FNDA:44,getContext
FNDA:30,loadSound
FNDA:0,loadSoundWithFallback
FNDA:3,preloadSounds
FNDA:9,playOneShot
FNDA:1,playCountdown
FNDA:1,playGo
FNDA:1,playFinishLine
FNDA:1,playDnf
FNDA:1,playStrokeClosure
FNDA:1,playBounce
FNDA:1,playWhoosh
FNDA:1,playUiTap
FNDA:1,playClear
FNDA:2,startMotorHum
FNDA:2,updateMotorSpeed
FNDA:20,stopMotorHum
FNDA:5,get isEnabled
FNDA:18,dispose
FNDA:17,getSoundManager
DA:14,1
DA:15,1
DA:16,1
DA:17,1
DA:18,1
DA:19,1
DA:20,1
DA:21,1
DA:22,1
DA:23,1
DA:24,1
DA:25,1
DA:29,1
DA:30,17
DA:31,17
DA:32,17
DA:35,17
DA:38,17
DA:39,17
DA:40,17
DA:41,17
DA:44,17
DA:46,17
DA:47,17
DA:48,17
DA:49,17
DA:50,17
DA:52,17
DA:53,17
DA:54,17
DA:55,17
DA:57,17
DA:58,4
DA:59,4
DA:62,4
DA:63,3
DA:64,3
DA:65,3
DA:66,4
DA:68,17
DA:69,44
DA:70,44
DA:72,34
DA:73,34
DA:74,34
DA:75,34
DA:76,0
DA:77,0
DA:78,34
DA:79,0
DA:80,0
DA:81,34
DA:83,44
DA:84,0
DA:85,0
DA:87,34
DA:88,44
DA:94,17
DA:96,30
DA:97,0
DA:98,0
DA:101,30
DA:102,0
DA:103,0
DA:105,30
DA:106,30
DA:108,0
DA:109,0
DA:111,0
DA:113,0
DA:114,0
DA:115,0
DA:116,0
DA:117,0
DA:118,0
DA:119,0
DA:120,0
DA:121,0
DA:122,0
DA:123,0
DA:124,30
DA:126,17
DA:127,0
DA:128,0
DA:129,0
DA:130,0
DA:132,0
DA:133,0
DA:134,0
DA:136,0
DA:137,0
DA:138,0
DA:139,0
DA:140,0
DA:146,17
DA:147,3
DA:148,3
DA:149,30
DA:151,30
DA:152,3
DA:153,3
DA:158,17
DA:159,9
DA:160,9
DA:162,0
DA:163,0
DA:165,0
DA:166,0
DA:168,0
DA:169,0
DA:171,0
DA:172,0
DA:174,0
DA:175,9
DA:177,17
DA:178,1
DA:179,1
DA:181,17
DA:183,1
DA:184,1
DA:186,17
DA:187,1
DA:188,1
DA:190,17
DA:191,1
DA:192,1
DA:194,17
DA:195,1
DA:196,1
DA:198,17
DA:200,1
DA:201,1
DA:202,1
DA:204,17
DA:205,1
DA:206,1
DA:208,17
DA:209,1
DA:210,1
DA:212,17
DA:213,1
DA:214,1
DA:220,17
DA:221,2
DA:222,2
DA:223,2
DA:225,0
DA:226,0
DA:228,0
DA:229,0
DA:230,0
DA:232,0
DA:233,0
DA:234,0
DA:236,0
DA:237,0
DA:239,0
DA:240,0
DA:241,0
DA:242,0
DA:243,0
DA:244,2
DA:250,17
DA:251,2
DA:252,0
DA:254,0
DA:255,0
DA:256,2
DA:258,17
DA:259,20
DA:261,0
DA:262,20
DA:263,0
DA:264,0
DA:266,0
DA:267,0
DA:268,0
DA:269,0
DA:271,0
DA:272,0
DA:273,0
DA:274,0
DA:275,0
DA:277,0
DA:278,0
DA:279,0
DA:280,20
DA:282,17
DA:283,5
DA:284,5
DA:286,17
DA:287,18
DA:288,18
DA:289,0
DA:290,0
DA:291,0
DA:292,18
DA:293,18
DA:294,18
DA:295,17
DA:297,1
DA:299,1
DA:300,17
DA:301,17
DA:302,17
DA:303,17
DA:304,17
LF:207
LH:126
BRDA:29,0,0,17
BRDA:46,1,0,17
BRDA:52,2,0,17
BRDA:57,3,0,4
BRDA:62,4,0,3
BRDA:68,5,0,44
BRDA:69,6,0,0
BRDA:70,7,0,10
BRDA:70,8,0,34
BRDA:75,9,0,0
BRDA:78,10,0,0
BRDA:83,11,0,0
BRDA:83,12,0,0
BRDA:85,13,0,34
BRDA:94,14,0,30
BRDA:96,15,0,0
BRDA:101,16,0,0
BRDA:106,17,0,0
BRDA:146,18,0,3
BRDA:148,19,0,30
BRDA:158,20,0,9
BRDA:160,21,0,0
BRDA:177,22,0,1
BRDA:181,23,0,1
BRDA:186,24,0,1
BRDA:190,25,0,1
BRDA:194,26,0,1
BRDA:198,27,0,1
BRDA:204,28,0,1
BRDA:208,29,0,1
BRDA:212,30,0,1
BRDA:220,31,0,2
BRDA:221,32,0,0
BRDA:223,33,0,0
BRDA:250,34,0,2
BRDA:251,35,0,0
BRDA:251,36,0,0
BRDA:258,37,0,20
BRDA:259,38,0,0
BRDA:262,39,0,0
BRDA:282,40,0,5
BRDA:286,41,0,18
BRDA:288,42,0,0
BRDA:299,43,0,17
BRF:44
BRH:28
end_of_record
TN:
SF:apps/web/src/Trails.ts
FN:1,(empty-report)
FNF:1
FNH:1
FNDA:1,(empty-report)
DA:20,0
DA:21,0
DA:22,0
DA:23,0
DA:26,0
DA:27,0
DA:29,0
DA:30,0
DA:32,0
DA:33,0
DA:34,0
DA:35,0
DA:38,0
DA:39,0
DA:40,0
DA:41,0
DA:42,0
DA:43,0
DA:52,0
DA:53,0
DA:54,0
DA:55,0
DA:56,0
DA:57,0
DA:59,0
DA:60,0
DA:61,0
DA:64,0
DA:65,0
DA:66,0
DA:67,0
DA:68,0
DA:71,0
DA:72,0
DA:73,0
DA:76,0
DA:77,0
DA:79,0
DA:80,0
DA:83,0
DA:84,0
DA:85,0
DA:87,0
DA:88,0
DA:91,0
DA:92,0
DA:93,0
DA:94,0
DA:96,0
DA:97,0
DA:98,0
DA:99,0
DA:100,0
DA:101,0
DA:102,0
DA:103,0
DA:104,0
DA:105,0
DA:106,0
DA:107,0
DA:108,0
DA:113,0
DA:115,0
DA:118,0
DA:119,0
DA:120,0
DA:122,0
DA:123,0
DA:124,0
DA:125,0
DA:128,0
DA:129,0
DA:130,0
DA:133,0
DA:134,0
DA:135,0
DA:136,0
DA:137,0
DA:142,0
DA:143,0
DA:144,0
DA:145,0
DA:147,0
DA:148,0
DA:151,0
DA:153,0
DA:154,0
DA:156,0
DA:157,0
DA:158,0
DA:159,0
DA:160,0
DA:162,0
DA:163,0
DA:164,0
DA:165,0
DA:166,0
DA:167,0
DA:172,0
DA:173,0
DA:174,0
DA:179,0
DA:180,0
DA:181,0
DA:182,0
LF:105
LH:0
BRDA:1,0,0,1
BRF:1
BRH:1
end_of_record
TN:
SF:apps/web/src/api-config.ts
FN:1,(empty-report)
FNF:1
FNH:0
FNDA:0,(empty-report)
DA:1,0
DA:3,0
DA:4,0
DA:5,0
DA:7,0
DA:8,0
DA:9,0
LF:7
LH:0
BRDA:1,0,0,0
BRF:1
BRH:0
end_of_record
TN:
SF:apps/web/src/api.ts
FN:1,(empty-report)
FNF:1
FNH:0
FNDA:0,(empty-report)
DA:1,0
DA:2,0
DA:3,0
DA:4,0
DA:5,0
DA:6,0
DA:44,0
DA:50,0
DA:51,0
DA:52,0
DA:54,0
DA:55,0
DA:56,0
DA:57,0
DA:58,0
DA:59,0
DA:60,0
DA:61,0
DA:62,0
DA:63,0
DA:64,0
DA:65,0
DA:66,0
DA:67,0
DA:68,0
DA:69,0
DA:70,0
DA:72,0
DA:73,0
DA:74,0
DA:76,0
DA:77,0
DA:78,0
DA:80,0
DA:81,0
DA:82,0
DA:84,0
DA:85,0
DA:86,0
DA:87,0
DA:88,0
DA:89,0
DA:90,0
DA:91,0
DA:92,0
DA:93,0
DA:94,0
DA:95,0
DA:96,0
DA:97,0
DA:98,0
DA:99,0
DA:100,0
DA:101,0
DA:102,0
DA:104,0
DA:105,0
DA:106,0
DA:107,0
DA:108,0
DA:109,0
DA:110,0
DA:111,0
DA:112,0
DA:113,0
DA:114,0
DA:115,0
DA:116,0
DA:118,0
DA:119,0
DA:121,0
DA:122,0
DA:123,0
DA:124,0
DA:125,0
DA:126,0
DA:127,0
DA:128,0
DA:130,0
DA:133,0
DA:135,0
DA:136,0
DA:137,0
DA:138,0
DA:139,0
DA:141,0
DA:142,0
DA:143,0
DA:144,0
DA:145,0
DA:146,0
DA:147,0
DA:148,0
DA:149,0
DA:150,0
DA:151,0
DA:154,0
DA:155,0
DA:156,0
DA:157,0
DA:158,0
DA:159,0
DA:160,0
DA:161,0
DA:164,0
DA:165,0
DA:168,0
DA:169,0
DA:170,0
DA:171,0
DA:173,0
DA:174,0
DA:176,0
DA:177,0
DA:178,0
DA:179,0
DA:180,0
DA:181,0
DA:182,0
DA:183,0
DA:194,0
DA:195,0
DA:196,0
DA:198,0
DA:200,0
DA:201,0
DA:202,0
DA:203,0
DA:204,0
DA:205,0
DA:206,0
DA:207,0
DA:209,0
DA:212,0
DA:213,0
DA:214,0
DA:215,0
DA:217,0
DA:218,0
DA:219,0
DA:220,0
DA:221,0
DA:222,0
DA:223,0
DA:224,0
DA:225,0
DA:226,0
DA:227,0
DA:228,0
DA:229,0
DA:230,0
DA:231,0
DA:232,0
DA:233,0
DA:234,0
DA:236,0
DA:237,0
DA:239,0
DA:240,0
DA:241,0
DA:243,0
DA:244,0
DA:245,0
DA:247,0
DA:249,0
DA:250,0
DA:251,0
DA:252,0
DA:253,0
DA:255,0
DA:256,0
DA:257,0
DA:258,0
DA:260,0
DA:261,0
DA:263,0
DA:264,0
DA:265,0
DA:266,0
DA:267,0
DA:268,0
DA:269,0
DA:270,0
DA:271,0
DA:272,0
DA:273,0
DA:274,0
DA:275,0
DA:276,0
DA:278,0
DA:279,0
DA:280,0
DA:282,0
DA:283,0
DA:284,0
DA:285,0
DA:286,0
DA:287,0
DA:288,0
DA:290,0
DA:292,0
DA:293,0
DA:294,0
DA:295,0
DA:296,0
DA:297,0
DA:298,0
DA:299,0
DA:300,0
DA:301,0
DA:302,0
DA:303,0
DA:304,0
DA:305,0
DA:317,0
DA:318,0
DA:319,0
DA:321,0
DA:323,0
DA:324,0
DA:325,0
DA:326,0
DA:327,0
DA:328,0
DA:329,0
DA:330,0
DA:331,0
DA:332,0
DA:333,0
DA:334,0
DA:335,0
DA:336,0
DA:337,0
DA:338,0
DA:339,0
DA:340,0
DA:341,0
DA:342,0
DA:343,0
DA:344,0
DA:346,0
DA:347,0
DA:348,0
DA:350,0
DA:352,0
DA:353,0
DA:354,0
DA:355,0
DA:356,0
DA:357,0
DA:358,0
DA:359,0
DA:360,0
DA:361,0
DA:362,0
DA:363,0
DA:364,0
DA:365,0
DA:367,0
DA:368,0
DA:369,0
DA:371,0
DA:373,0
DA:374,0
DA:375,0
DA:376,0
DA:377,0
DA:378,0
DA:379,0
DA:380,0
DA:381,0
DA:382,0
DA:383,0
DA:384,0
DA:385,0
DA:387,0
DA:388,0
DA:389,0
DA:391,0
DA:393,0
DA:394,0
DA:395,0
DA:396,0
DA:397,0
DA:398,0
DA:399,0
DA:400,0
DA:401,0
DA:402,0
DA:403,0
DA:424,0
DA:425,0
DA:426,0
DA:427,0
DA:428,0
DA:429,0
DA:431,0
DA:432,0
DA:433,0
DA:434,0
DA:435,0
DA:436,0
DA:437,0
DA:438,0
DA:439,0
DA:440,0
DA:442,0
DA:443,0
DA:444,0
DA:445,0
DA:446,0
DA:447,0
DA:448,0
DA:450,0
DA:451,0
DA:452,0
DA:453,0
DA:454,0
DA:455,0
DA:456,0
DA:457,0
DA:458,0
DA:459,0
DA:488,0
DA:489,0
DA:490,0
DA:492,0
DA:493,0
DA:494,0
DA:495,0
DA:496,0
DA:497,0
DA:498,0
DA:499,0
DA:500,0
DA:501,0
DA:502,0
DA:504,0
DA:505,0
DA:506,0
DA:507,0
DA:508,0
DA:509,0
DA:511,0
DA:512,0
DA:513,0
DA:514,0
DA:515,0
DA:516,0
DA:517,0
DA:518,0
DA:519,0
DA:520,0
DA:522,0
DA:523,0
DA:524,0
DA:525,0
DA:526,0
DA:527,0
DA:528,0
DA:530,0
DA:531,0
DA:532,0
DA:533,0
DA:534,0
DA:535,0
DA:536,0
DA:537,0
DA:538,0
DA:539,0
DA:541,0
DA:543,0
DA:544,0
DA:546,0
DA:547,0
DA:548,0
DA:550,0
DA:551,0
DA:552,0
DA:553,0
DA:554,0
DA:555,0
DA:556,0
DA:557,0
DA:558,0
DA:559,0
DA:560,0
DA:561,0
DA:562,0
DA:563,0
DA:564,0
DA:566,0
DA:567,0
DA:568,0
DA:570,0
DA:571,0
DA:572,0
DA:575,0
DA:576,0
DA:579,0
DA:580,0
DA:581,0
DA:582,0
DA:584,0
DA:585,0
DA:586,0
DA:587,0
DA:588,0
DA:589,0
DA:590,0
DA:591,0
DA:592,0
DA:594,0
DA:595,0
DA:597,0
DA:598,0
DA:599,0
DA:600,0
DA:601,0
DA:602,0
DA:603,0
DA:604,0
DA:606,0
DA:607,0
DA:608,0
DA:609,0
DA:610,0
DA:611,0
DA:613,0
DA:615,0
DA:616,0
DA:617,0
DA:618,0
DA:619,0
DA:620,0
DA:621,0
DA:622,0
DA:623,0
DA:624,0
DA:625,0
DA:626,0
DA:627,0
DA:628,0
DA:629,0
DA:631,0
DA:632,0
DA:633,0
DA:635,0
DA:636,0
DA:637,0
DA:638,0
DA:639,0
DA:640,0
DA:641,0
DA:642,0
DA:643,0
LF:456
LH:0
BRDA:1,0,0,0
BRF:1
BRH:0
end_of_record
TN:
SF:apps/web/src/cooldown-machine.ts
FN:12,initialSwapState
FN:16,activateSwapMachine
FN:24,deactivateSwapMachine
FN:28,canAcceptSwap
FN:36,commitSwapState
FN:45,tickSwapMachine
FN:56,getCooldownProgress
FNF:7
FNH:7
FNDA:20,initialSwapState
FNDA:18,activateSwapMachine
FNDA:2,deactivateSwapMachine
FNDA:28,canAcceptSwap
FNDA:30,commitSwapState
FNDA:25,tickSwapMachine
FNDA:6,getCooldownProgress
DA:1,1
DA:2,1
DA:12,1
DA:13,20
DA:14,20
DA:16,1
DA:17,18
DA:18,17
DA:19,17
DA:20,18
DA:21,18
DA:22,18
DA:24,1
DA:25,2
DA:26,2
DA:28,1
DA:29,28
DA:30,28
DA:31,4
DA:32,4
DA:33,21
DA:34,21
DA:36,1
DA:37,30
DA:38,30
DA:39,30
DA:40,30
DA:41,30
DA:42,30
DA:43,30
DA:45,1
DA:46,25
DA:47,25
DA:48,23
DA:49,23
DA:50,23
DA:51,23
DA:52,23
DA:53,1
DA:54,1
DA:56,1
DA:57,6
DA:58,4
DA:59,4
LF:44
LH:44
BRDA:12,0,0,20
BRDA:16,1,0,18
BRDA:17,2,0,1
BRDA:17,3,0,17
BRDA:20,4,0,2
BRDA:20,5,0,15
BRDA:24,6,0,2
BRDA:28,7,0,28
BRDA:29,8,0,27
BRDA:29,9,0,3
BRDA:29,10,0,25
BRDA:30,11,0,4
BRDA:32,12,0,21
BRDA:36,13,0,30
BRDA:45,14,0,25
BRDA:46,15,0,1
BRDA:46,16,0,24
BRDA:47,17,0,23
BRDA:50,18,0,3
BRDA:50,19,0,20
BRDA:52,20,0,1
BRDA:56,21,0,6
BRDA:57,22,0,2
BRDA:57,23,0,4
BRF:24
BRH:24
end_of_record
TN:
SF:apps/web/src/ghost-blob.ts
FN:18,encodeGhostBlob
FN:132,decodeGhostBlobVertices
FN:161,decodeGhostBlobFinishTime
FN:166,decodeGhostBlobWheels
FN:198,parseUuidBytes
FNF:5
FNH:5
FNDA:15,encodeGhostBlob
FNDA:2,decodeGhostBlobVertices
FNDA:1,decodeGhostBlobFinishTime
FNDA:3,decodeGhostBlobWheels
FNDA:15,parseUuidBytes
DA:1,1
DA:3,1
DA:18,1
DA:19,15
DA:20,15
DA:21,15
DA:22,15
DA:23,15
DA:24,15
DA:25,15
DA:27,15
DA:28,15
DA:31,15
DA:32,15
DA:33,15
DA:34,15
DA:35,62
DA:36,62
DA:37,15
DA:38,15
DA:39,15
DA:41,15
DA:42,15
DA:43,15
DA:44,15
DA:47,15
DA:48,15
DA:49,15
DA:50,15
DA:51,15
DA:54,15
DA:55,15
DA:58,15
DA:59,15
DA:62,15
DA:63,15
DA:64,15
DA:67,15
DA:68,15
DA:71,15
DA:72,15
DA:73,15
DA:76,15
DA:77,15
DA:78,240
DA:79,240
DA:80,15
DA:83,15
DA:84,15
DA:87,15
DA:88,62
DA:89,62
DA:91,62
DA:92,62
DA:94,62
DA:95,248
DA:96,248
DA:97,248
DA:98,248
DA:99,248
DA:100,62
DA:103,15
DA:104,15
DA:107,15
DA:108,15
DA:109,15
DA:110,15
DA:111,294
DA:112,294
DA:113,294
DA:114,294
DA:115,294
DA:116,294
DA:117,294
DA:118,294
DA:119,294
DA:120,294
DA:121,294
DA:122,294
DA:123,294
DA:124,294
DA:127,15
DA:129,15
DA:130,15
DA:132,1
DA:133,2
DA:134,2
DA:136,2
DA:137,2
DA:139,2
DA:142,2
DA:143,2
DA:144,2
DA:146,2
DA:147,2
DA:149,2
DA:150,2
DA:151,8
DA:152,8
DA:153,8
DA:154,8
DA:155,8
DA:156,8
DA:158,2
DA:159,2
DA:161,1
DA:162,1
DA:163,1
DA:164,1
DA:166,1
DA:167,3
DA:168,3
DA:169,3
DA:171,3
DA:172,3
DA:174,3
DA:176,3
DA:177,25
DA:178,25
DA:180,25
DA:181,25
DA:183,25
DA:184,25
DA:185,100
DA:186,100
DA:187,100
DA:188,100
DA:189,100
DA:190,100
DA:192,25
DA:193,25
DA:195,3
DA:196,3
DA:198,15
DA:199,15
DA:200,15
DA:201,15
DA:202,240
DA:203,240
DA:204,15
DA:205,15
LF:141
LH:141
BRDA:18,0,0,15
BRDA:34,1,0,62
BRDA:62,2,0,1
BRDA:62,3,0,14
BRDA:77,4,0,240
BRDA:87,5,0,62
BRDA:94,6,0,248
BRDA:110,7,0,294
BRDA:132,8,0,2
BRDA:139,9,0,0
BRDA:150,10,0,8
BRDA:161,11,0,1
BRDA:166,12,0,3
BRDA:176,13,0,25
BRDA:184,14,0,100
BRDA:198,15,0,15
BRDA:201,16,0,240
BRF:17
BRH:16
end_of_record
TN:
SF:apps/web/src/ghost-cache.ts
FN:1,(empty-report)
FNF:1
FNH:0
FNDA:0,(empty-report)
DA:1,0
DA:2,0
DA:3,0
DA:13,0
DA:14,0
DA:15,0
DA:16,0
DA:17,0
DA:18,0
DA:19,0
DA:20,0
DA:21,0
DA:22,0
DA:23,0
DA:24,0
DA:25,0
DA:27,0
DA:28,0
DA:29,0
DA:30,0
DA:31,0
DA:32,0
DA:33,0
DA:34,0
DA:35,0
DA:36,0
DA:38,0
DA:39,0
DA:40,0
DA:41,0
DA:42,0
DA:43,0
DA:44,0
DA:45,0
DA:46,0
DA:47,0
DA:49,0
DA:50,0
DA:51,0
DA:52,0
DA:53,0
DA:54,0
DA:55,0
DA:56,0
DA:57,0
DA:58,0
DA:59,0
DA:60,0
DA:61,0
DA:62,0
DA:63,0
DA:64,0
DA:65,0
DA:66,0
DA:67,0
DA:68,0
DA:69,0
DA:70,0
LF:58
LH:0
BRDA:1,0,0,0
BRF:1
BRH:0
end_of_record
TN:
SF:apps/web/src/hmac.ts
FN:3,computeHmac
FNF:1
FNH:1
FNDA:6,computeHmac
DA:1,1
DA:3,6
DA:4,6
DA:5,6
DA:6,6
DA:7,6
DA:8,6
DA:9,6
DA:10,6
DA:11,6
DA:12,6
DA:13,6
DA:14,6
DA:15,6
DA:16,6
DA:17,6
DA:18,6
LF:17
LH:17
BRDA:3,0,0,6
BRDA:12,1,0,5
BRDA:12,2,0,1
BRDA:16,3,0,192
BRF:4
BRH:4
end_of_record
TN:
SF:apps/web/src/player-identity.ts
FN:6,detectStorageAvailable
FN:17,generateUUID
FN:31,getPlayerUuid
FN:61,isEphemeral
FN:68,_resetForTesting
FNF:5
FNH:5
FNDA:20,detectStorageAvailable
FNDA:28,generateUUID
FNDA:23,getPlayerUuid
FNDA:18,isEphemeral
FNDA:6,_resetForTesting
DA:1,1
DA:3,1
DA:4,1
DA:6,20
DA:7,20
DA:8,20
DA:9,20
DA:10,20
DA:11,20
DA:12,20
DA:13,4
DA:14,4
DA:15,20
DA:17,1
DA:18,28
DA:19,7
DA:20,7
DA:23,21
DA:24,21
DA:25,21
DA:26,21
DA:27,21
DA:28,21
DA:29,21
DA:31,1
DA:32,23
DA:34,23
DA:35,4
DA:36,4
DA:37,4
DA:38,4
DA:40,16
DA:41,16
DA:42,16
DA:43,23
DA:44,0
DA:45,0
DA:46,0
DA:47,0
DA:48,23
DA:49,2
DA:50,2
DA:51,2
DA:52,2
DA:53,0
DA:54,0
DA:55,0
DA:56,0
DA:57,2
DA:58,16
DA:59,16
DA:61,1
DA:63,18
DA:64,18
DA:65,18
DA:68,1
DA:69,6
DA:70,6
DA:71,6
LF:59
LH:51
BRDA:6,0,0,20
BRDA:12,1,0,4
BRDA:17,2,0,28
BRDA:18,3,0,7
BRDA:20,4,0,21
BRDA:27,5,0,336
BRDA:31,6,0,23
BRDA:32,7,0,3
BRDA:32,8,0,20
BRDA:34,9,0,4
BRDA:38,10,0,16
BRDA:43,11,0,0
BRDA:47,12,0,16
BRDA:48,13,0,2
BRDA:52,14,0,0
BRDA:57,15,0,16
BRDA:61,16,0,18
BRDA:68,17,0,6
BRF:18
BRH:16
end_of_record
TN:
SF:apps/web/src/progression.ts
FN:1,(empty-report)
FNF:1
FNH:1
FNDA:1,(empty-report)
DA:6,0
DA:23,0
DA:24,0
DA:25,0
DA:26,0
DA:27,0
DA:28,0
DA:29,0
DA:30,0
DA:31,0
DA:32,0
DA:33,0
DA:34,0
DA:35,0
DA:36,0
DA:37,0
DA:38,0
DA:39,0
DA:40,0
DA:41,0
DA:42,0
DA:43,0
DA:44,0
DA:45,0
DA:46,0
DA:47,0
DA:48,0
DA:49,0
DA:50,0
DA:51,0
DA:52,0
DA:53,0
DA:54,0
DA:55,0
DA:56,0
DA:57,0
DA:58,0
DA:59,0
DA:60,0
DA:61,0
DA:62,0
DA:63,0
DA:64,0
DA:65,0
DA:66,0
DA:67,0
DA:68,0
DA:69,0
DA:70,0
DA:71,0
DA:72,0
DA:73,0
DA:74,0
DA:75,0
DA:76,0
DA:77,0
DA:78,0
DA:79,0
DA:80,0
DA:81,0
DA:82,0
DA:83,0
DA:84,0
DA:85,0
DA:86,0
DA:87,0
DA:88,0
DA:89,0
DA:90,0
DA:97,0
DA:98,0
DA:99,0
DA:100,0
DA:105,0
DA:106,0
DA:107,0
DA:108,0
DA:109,0
DA:110,0
DA:111,0
DA:113,0
DA:114,0
DA:115,0
DA:120,0
DA:121,0
DA:122,0
DA:123,0
DA:125,0
DA:126,0
DA:131,0
DA:132,0
DA:133,0
DA:134,0
DA:135,0
DA:136,0
DA:137,0
DA:138,0
DA:139,0
DA:144,0
DA:145,0
DA:146,0
DA:151,0
DA:152,0
DA:153,0
DA:154,0
DA:155,0
DA:156,0
DA:161,0
DA:162,0
DA:163,0
DA:164,0
DA:165,0
DA:170,0
DA:171,0
DA:172,0
DA:173,0
DA:178,0
DA:179,0
DA:180,0
DA:181,0
DA:182,0
DA:183,0
DA:184,0
DA:185,0
DA:191,0
DA:195,0
DA:196,0
DA:197,0
DA:198,0
DA:200,0
DA:202,0
DA:203,0
DA:204,0
DA:205,0
DA:206,0
DA:207,0
DA:208,0
DA:210,0
DA:211,0
DA:212,0
DA:213,0
DA:214,0
DA:216,0
DA:217,0
DA:218,0
DA:219,0
DA:220,0
DA:221,0
DA:226,0
DA:227,0
DA:228,0
DA:229,0
DA:231,0
DA:232,0
LF:154
LH:0
BRDA:1,0,0,1
BRF:1
BRH:1
end_of_record
TN:
SF:apps/web/src/recovery-phrase.ts
FN:82,generateRecoveryPhrase
FN:98,getRecoveryPhrase
FN:113,saveRecoveryPhrase
FN:120,ensureRecoveryPhrase
FN:132,wasRecoveryPhraseShown
FN:139,markRecoveryPhraseShown
FN:146,isValidRecoveryPhrase
FN:154,formatRecoveryPhrase
FN:161,_resetForTesting
FNF:9
FNH:9
FNDA:5,generateRecoveryPhrase
FNDA:5,getRecoveryPhrase
FNDA:3,saveRecoveryPhrase
FNDA:2,ensureRecoveryPhrase
FNDA:2,wasRecoveryPhraseShown
FNDA:1,markRecoveryPhraseShown
FNDA:6,isValidRecoveryPhrase
FNDA:1,formatRecoveryPhrase
FNDA:14,_resetForTesting
DA:11,1
DA:12,1
DA:16,1
DA:17,1
DA:18,1
DA:19,1
DA:20,1
DA:21,1
DA:22,1
DA:23,1
DA:24,1
DA:25,1
DA:26,1
DA:27,1
DA:28,1
DA:29,1
DA:30,1
DA:31,1
DA:32,1
DA:33,1
DA:34,1
DA:35,1
DA:36,1
DA:37,1
DA:38,1
DA:39,1
DA:40,1
DA:41,1
DA:42,1
DA:43,1
DA:44,1
DA:45,1
DA:46,1
DA:47,1
DA:48,1
DA:49,1
DA:50,1
DA:51,1
DA:52,1
DA:53,1
DA:54,1
DA:55,1
DA:56,1
DA:57,1
DA:58,1
DA:59,1
DA:60,1
DA:61,1
DA:62,1
DA:63,1
DA:64,1
DA:65,1
DA:66,1
DA:67,1
DA:68,1
DA:69,1
DA:70,1
DA:71,1
DA:72,1
DA:75,1
DA:76,1
DA:82,1
DA:83,5
DA:84,5
DA:85,5
DA:87,5
DA:88,20
DA:89,20
DA:90,20
DA:92,5
DA:93,5
DA:98,1
DA:99,5
DA:100,5
DA:101,3
DA:102,3
DA:103,3
DA:104,0
DA:105,0
DA:106,3
DA:107,2
DA:108,2
DA:113,1
DA:114,3
DA:115,3
DA:120,1
DA:121,2
DA:122,2
DA:123,1
DA:124,1
DA:125,1
DA:126,2
DA:127,2
DA:132,1
DA:133,2
DA:134,2
DA:139,1
DA:140,1
DA:141,1
DA:146,1
DA:147,6
DA:148,3
DA:149,3
DA:154,1
DA:155,1
DA:156,1
DA:161,1
DA:162,14
DA:163,14
DA:164,14
LF:110
LH:108
BRDA:82,0,0,5
BRDA:87,1,0,20
BRDA:98,2,0,5
BRDA:100,3,0,3
BRDA:103,4,0,0
BRDA:106,5,0,2
BRDA:113,6,0,3
BRDA:120,7,0,2
BRDA:122,8,0,1
BRDA:132,9,0,2
BRDA:139,10,0,1
BRDA:146,11,0,6
BRDA:147,12,0,3
BRDA:148,13,0,9
BRDA:154,14,0,1
BRDA:161,15,0,14
BRF:16
BRH:15
end_of_record
TN:
SF:apps/web/src/service-worker.ts
FN:1,(empty-report)
FNF:1
FNH:1
FNDA:1,(empty-report)
DA:10,0
DA:11,0
DA:12,0
DA:18,0
DA:19,0
DA:20,0
DA:21,0
DA:23,0
DA:24,0
DA:25,0
DA:28,0
DA:31,0
DA:34,0
DA:36,0
DA:37,0
DA:40,0
DA:41,0
DA:42,0
DA:45,0
DA:46,0
DA:47,0
DA:48,0
DA:49,0
DA:50,0
DA:51,0
DA:57,0
DA:58,0
DA:59,0
DA:60,0
DA:62,0
DA:63,0
DA:65,0
DA:66,0
DA:67,0
DA:68,0
DA:69,0
DA:70,0
DA:71,0
DA:72,0
DA:73,0
DA:74,0
DA:79,0
DA:80,0
DA:81,0
DA:93,0
DA:94,0
DA:95,0
DA:96,0
DA:99,0
DA:103,0
LF:50
LH:0
BRDA:1,0,0,1
BRF:1
BRH:1
end_of_record
TN:
SF:apps/web/src/test-hooks.ts
FN:1,(empty-report)
FNF:1
FNH:1
FNDA:1,(empty-report)
DA:12,0
DA:18,0
DA:19,0
DA:20,0
DA:21,0
DA:22,0
DA:23,0
DA:29,0
DA:30,0
DA:31,0
DA:32,0
DA:37,0
DA:38,0
DA:39,0
DA:46,0
DA:47,0
DA:50,0
DA:51,0
DA:52,0
DA:53,0
DA:59,0
DA:60,0
DA:62,0
DA:63,0
DA:64,0
DA:65,0
LF:26
LH:0
BRDA:1,0,0,1
BRF:1
BRH:1
end_of_record
TN:
SF:apps/web/src/vite-env.d.ts
FN:1,(empty-report)
FNF:1
FNH:1
FNDA:1,(empty-report)
LF:0
LH:0
BRDA:1,0,0,1
BRF:1
BRH:1
end_of_record
TN:
SF:packages/bot/src/index.ts
FN:78,registerTracks
FN:88,getTrack
FN:106,runBot
FN:117,onTick
FN:157,parametricWheel
FN:222,pseudoRandom
FN:238,fuzzRun
FN:254,console.error
FNF:8
FNH:7
FNDA:13,registerTracks
FNDA:6,getTrack
FNDA:5,runBot
FNDA:315,onTick
FNDA:17,parametricWheel
FNDA:78,pseudoRandom
FNDA:2,fuzzRun
FNDA:0,console.error
DA:1,1
DA:72,1
DA:78,1
DA:79,13
DA:80,14
DA:81,14
DA:82,13
DA:88,6
DA:89,6
DA:90,6
DA:91,1
DA:92,1
DA:93,5
DA:94,5
DA:106,5
DA:107,5
DA:108,5
DA:111,5
DA:114,5
DA:115,5
DA:117,5
DA:118,315
DA:119,315
DA:120,315
DA:121,315
DA:124,5
DA:127,5
DA:128,5
DA:129,1
DA:131,1
DA:132,1
DA:133,1
DA:135,4
DA:137,4
DA:138,4
DA:139,4
DA:140,4
DA:141,4
DA:142,5
DA:143,5
DA:144,5
DA:145,5
DA:157,1
DA:158,17
DA:159,17
DA:160,17
DA:161,17
DA:163,17
DA:164,17
DA:165,8
DA:166,8
DA:167,92
DA:168,92
DA:169,92
DA:170,92
DA:171,92
DA:172,92
DA:173,8
DA:174,8
DA:176,17
DA:177,1
DA:178,1
DA:179,1
DA:180,12
DA:181,12
DA:182,12
DA:183,12
DA:184,12
DA:185,12
DA:186,1
DA:187,1
DA:189,17
DA:190,1
DA:191,1
DA:192,1
DA:193,1
DA:194,10
DA:195,10
DA:196,10
DA:197,10
DA:198,1
DA:199,1
DA:201,17
DA:203,6
DA:204,6
DA:205,6
DA:206,6
DA:207,78
DA:209,78
DA:210,78
DA:211,78
DA:212,78
DA:213,6
DA:214,6
DA:216,17
DA:217,1
DA:218,17
DA:219,17
DA:222,78
DA:224,78
DA:225,78
DA:226,78
DA:238,1
DA:239,2
DA:240,2
DA:241,2
DA:242,2
DA:243,1
DA:244,1
DA:246,2
DA:247,2
DA:248,2
DA:249,2
DA:252,2
DA:253,2
DA:254,2
DA:255,0
DA:256,0
DA:257,0
DA:259,2
DA:260,2
DA:261,4
DA:262,4
DA:265,4
DA:266,4
DA:267,4
DA:268,4
DA:269,4
DA:270,4
DA:272,4
DA:273,4
DA:274,4
DA:275,4
DA:276,4
DA:277,4
DA:280,4
DA:281,3
DA:283,3
DA:284,0
DA:285,0
DA:286,0
DA:287,0
DA:288,0
DA:289,0
DA:290,3
DA:291,4
DA:293,0
DA:294,0
DA:295,0
DA:296,0
DA:297,0
DA:298,0
DA:299,0
DA:300,4
DA:301,2
DA:303,2
DA:304,2
DA:307,2
DA:309,2
DA:310,2
DA:311,2
DA:312,2
DA:313,2
DA:314,2
DA:315,2
DA:316,2
DA:322,1
LF:167
LH:151
BRDA:78,0,0,13
BRDA:79,1,0,14
BRDA:88,2,0,6
BRDA:90,3,0,1
BRDA:92,4,0,5
BRDA:106,5,0,5
BRDA:128,6,0,2
BRDA:128,7,0,1
BRDA:133,8,0,4
BRDA:117,9,0,315
BRDA:131,10,0,2
BRDA:157,11,0,17
BRDA:164,12,0,8
BRDA:166,13,0,92
BRDA:176,14,0,1
BRDA:177,15,0,0
BRDA:179,16,0,12
BRDA:189,17,0,1
BRDA:190,18,0,0
BRDA:193,19,0,10
BRDA:195,20,0,5
BRDA:195,21,0,5
BRDA:201,22,0,6
BRDA:203,23,0,0
BRDA:204,24,0,0
BRDA:206,25,0,78
BRDA:216,26,0,1
BRDA:222,27,0,78
BRDA:238,28,0,2
BRDA:242,29,0,1
BRDA:243,30,0,1
BRDA:260,31,0,4
BRDA:280,32,0,3
BRDA:283,33,0,0
BRDA:291,34,0,0
BRF:35
BRH:29
end_of_record
TN:
SF:packages/engine-core/src/clock.ts
FN:5,<instance_members_initializer>
FN:8,InjectedClock
FN:12,nowMs
FN:16,advance
FNF:4
FNH:4
FNDA:348,<instance_members_initializer>
FNDA:348,InjectedClock
FNDA:3,nowMs
FNDA:370640,advance
DA:5,1
DA:6,348
DA:8,348
DA:9,348
DA:10,348
DA:12,348
DA:13,3
DA:14,3
DA:16,348
DA:17,370640
DA:18,370640
DA:19,348
LF:12
LH:12
BRDA:5,0,0,348
BRDA:8,1,0,348
BRDA:12,2,0,3
BRDA:16,3,0,370640
BRF:4
BRH:4
end_of_record
TN:
SF:packages/engine-core/src/debug-forward-motion-detailed.ts
FN:1,(empty-report)
FNF:1
FNH:1
FNDA:1,(empty-report)
DA:6,0
DA:8,0
DA:9,0
DA:10,0
DA:11,0
DA:12,0
DA:13,0
DA:14,0
DA:15,0
DA:16,0
DA:17,0
DA:18,0
DA:19,0
DA:22,0
DA:23,0
DA:24,0
DA:25,0
DA:26,0
DA:29,0
DA:30,0
DA:31,0
DA:33,0
DA:34,0
DA:35,0
DA:38,0
DA:41,0
DA:42,0
DA:43,0
DA:44,0
DA:45,0
DA:46,0
DA:47,0
DA:50,0
DA:51,0
DA:52,0
DA:53,0
DA:54,0
DA:56,0
DA:57,0
DA:60,0
DA:61,0
DA:62,0
DA:63,0
DA:64,0
DA:65,0
DA:66,0
DA:67,0
DA:70,0
DA:71,0
DA:74,0
DA:75,0
DA:76,0
DA:77,0
DA:80,0
DA:81,0
DA:82,0
DA:83,0
DA:84,0
DA:85,0
DA:86,0
DA:87,0
DA:89,0
DA:90,0
DA:91,0
DA:92,0
DA:93,0
DA:94,0
DA:95,0
DA:96,0
DA:97,0
DA:98,0
DA:99,0
DA:100,0
DA:103,0
DA:104,0
DA:105,0
DA:106,0
DA:107,0
DA:108,0
DA:109,0
DA:110,0
DA:111,0
DA:112,0
DA:115,0
DA:116,0
DA:117,0
DA:118,0
DA:119,0
DA:120,0
DA:121,0
DA:122,0
DA:123,0
DA:124,0
DA:125,0
DA:126,0
DA:127,0
DA:128,0
DA:129,0
DA:130,0
DA:131,0
DA:132,0
DA:133,0
DA:134,0
DA:135,0
DA:136,0
DA:137,0
DA:140,0
DA:141,0
DA:142,0
DA:143,0
DA:144,0
DA:145,0
DA:146,0
DA:147,0
DA:148,0
DA:149,0
DA:150,0
DA:151,0
DA:152,0
DA:153,0
DA:156,0
DA:157,0
DA:158,0
DA:159,0
DA:160,0
DA:161,0
DA:162,0
DA:163,0
DA:164,0
DA:165,0
DA:166,0
DA:167,0
DA:168,0
DA:169,0
DA:172,0
DA:173,0
DA:174,0
DA:176,0
DA:177,0
DA:178,0
DA:179,0
DA:180,0
DA:181,0
DA:182,0
DA:183,0
DA:185,0
DA:186,0
DA:187,0
DA:188,0
LF:149
LH:0
BRDA:1,0,0,1
BRF:1
BRH:1
end_of_record
TN:
SF:packages/engine-core/src/diagnostic-wheel-spin.ts
FN:1,(empty-report)
FNF:1
FNH:1
FNDA:1,(empty-report)
DA:11,0
DA:12,0
DA:15,0
DA:16,0
DA:17,0
DA:18,0
DA:19,0
DA:20,0
DA:21,0
DA:22,0
DA:25,0
DA:26,0
DA:27,0
DA:28,0
DA:29,0
DA:32,0
DA:33,0
DA:34,0
DA:35,0
DA:36,0
DA:37,0
DA:38,0
DA:39,0
DA:40,0
DA:41,0
DA:42,0
DA:43,0
DA:44,0
DA:47,0
DA:48,0
DA:49,0
DA:50,0
DA:51,0
DA:52,0
DA:53,0
DA:54,0
DA:55,0
DA:56,0
DA:57,0
DA:58,0
DA:59,0
DA:60,0
DA:61,0
DA:62,0
DA:64,0
DA:65,0
DA:66,0
DA:67,0
DA:68,0
DA:69,0
DA:70,0
DA:71,0
DA:72,0
DA:74,0
DA:75,0
DA:77,0
DA:78,0
DA:79,0
DA:80,0
DA:81,0
DA:82,0
DA:83,0
DA:84,0
DA:85,0
DA:86,0
DA:87,0
DA:88,0
DA:89,0
DA:90,0
DA:93,0
DA:94,0
DA:95,0
DA:96,0
DA:97,0
DA:98,0
DA:99,0
DA:100,0
DA:101,0
DA:104,0
DA:105,0
DA:106,0
DA:107,0
DA:108,0
DA:110,0
DA:111,0
DA:112,0
DA:113,0
DA:114,0
DA:115,0
DA:116,0
DA:117,0
DA:119,0
DA:120,0
DA:121,0
DA:123,0
DA:126,0
DA:127,0
DA:128,0
DA:129,0
DA:130,0
DA:131,0
DA:132,0
DA:133,0
DA:134,0
DA:135,0
DA:136,0
DA:138,0
DA:139,0
DA:140,0
DA:141,0
DA:142,0
DA:143,0
DA:144,0
DA:145,0
DA:148,0
DA:151,0
DA:154,0
DA:157,0
DA:163,0
DA:164,0
DA:165,0
DA:166,0
DA:167,0
DA:169,0
DA:170,0
DA:171,0
DA:172,0
DA:173,0
DA:175,0
DA:176,0
DA:177,0
DA:178,0
DA:179,0
DA:180,0
DA:181,0
DA:184,0
DA:187,0
DA:188,0
DA:189,0
DA:190,0
DA:191,0
DA:192,0
DA:193,0
DA:194,0
DA:197,0
DA:198,0
DA:199,0
DA:200,0
DA:202,0
DA:203,0
DA:204,0
DA:205,0
DA:206,0
DA:207,0
DA:208,0
DA:209,0
DA:210,0
DA:212,0
DA:214,0
DA:215,0
DA:216,0
DA:217,0
DA:218,0
DA:219,0
DA:220,0
DA:223,0
DA:224,0
DA:225,0
DA:226,0
DA:227,0
DA:228,0
DA:229,0
DA:230,0
DA:233,0
DA:234,0
DA:235,0
DA:236,0
DA:237,0
DA:238,0
DA:239,0
DA:240,0
DA:241,0
DA:244,0
DA:245,0
DA:246,0
DA:247,0
DA:248,0
DA:249,0
DA:250,0
DA:251,0
DA:252,0
DA:253,0
DA:254,0
DA:255,0
DA:256,0
DA:257,0
DA:259,0
DA:260,0
DA:261,0
DA:262,0
DA:263,0
DA:264,0
DA:265,0
DA:266,0
DA:267,0
DA:268,0
DA:269,0
DA:270,0
DA:271,0
DA:272,0
DA:274,0
DA:275,0
DA:277,0
DA:278,0
DA:279,0
DA:281,0
DA:282,0
DA:283,0
DA:284,0
DA:286,0
DA:289,0
DA:290,0
DA:291,0
DA:292,0
DA:293,0
DA:294,0
DA:295,0
DA:296,0
DA:297,0
DA:300,0
DA:301,0
DA:302,0
DA:304,0
DA:305,0
DA:306,0
DA:307,0
DA:309,0
DA:310,0
DA:311,0
DA:312,0
DA:313,0
DA:314,0
DA:315,0
DA:316,0
DA:317,0
DA:318,0
DA:319,0
DA:320,0
DA:323,0
DA:325,0
DA:326,0
DA:327,0
DA:328,0
DA:329,0
DA:330,0
DA:331,0
DA:332,0
DA:333,0
DA:334,0
DA:335,0
DA:336,0
DA:337,0
DA:338,0
DA:339,0
DA:340,0
DA:341,0
DA:342,0
DA:343,0
DA:344,0
LF:269
LH:0
BRDA:1,0,0,1
BRF:1
BRH:1
end_of_record
TN:
SF:packages/engine-core/src/draw-pipeline.ts
FN:38,validateConstraints
FN:99,computeSwapCount
FN:109,computeBBox
FN:135,closeLoop
FN:150,simplifyStroke
FN:165,areaCentroid
FN:188,convexDecompose
FN:202,processDraw
FNF:8
FNH:8
FNDA:16,validateConstraints
FNDA:13,computeSwapCount
FNDA:62,computeBBox
FNDA:21,closeLoop
FNDA:21,simplifyStroke
FNDA:21,areaCentroid
FNDA:21,convexDecompose
FNDA:21,processDraw
DA:1,1
DA:2,1
DA:38,1
DA:39,16
DA:40,16
DA:41,16
DA:42,16
DA:43,16
DA:44,16
DA:45,2
DA:46,2
DA:47,2
DA:48,2
DA:49,2
DA:51,16
DA:52,0
DA:53,0
DA:54,0
DA:55,0
DA:56,0
DA:58,14
DA:59,14
DA:60,4
DA:61,16
DA:62,3
DA:63,3
DA:64,3
DA:65,3
DA:66,3
DA:68,11
DA:69,11
DA:70,3
DA:71,16
DA:72,1
DA:73,1
DA:74,1
DA:75,1
DA:76,1
DA:78,16
DA:79,1
DA:80,1
DA:81,1
DA:82,1
DA:83,1
DA:85,16
DA:86,1
DA:87,1
DA:88,1
DA:89,1
DA:90,1
DA:92,8
DA:93,8
DA:99,1
DA:100,13
DA:101,13
DA:103,1
DA:104,1
DA:105,1
DA:106,1
DA:107,1
DA:109,1
DA:115,62
DA:116,62
DA:117,62
DA:118,62
DA:119,62
DA:120,62
DA:121,3046
DA:122,3046
DA:123,3046
DA:124,3046
DA:125,3046
DA:126,62
DA:127,62
DA:128,62
DA:129,62
DA:130,62
DA:131,62
DA:132,62
DA:133,62
DA:135,1
DA:136,21
DA:137,21
DA:138,21
DA:139,21
DA:140,21
DA:141,21
DA:142,21
DA:143,21
DA:144,21
DA:145,21
DA:146,21
DA:147,21
DA:148,21
DA:150,1
DA:151,21
DA:155,21
DA:156,21
DA:158,21
DA:159,18
DA:160,18
DA:162,21
DA:163,21
DA:165,1
DA:166,21
DA:167,21
DA:168,21
DA:169,21
DA:170,21
DA:171,654
DA:172,654
DA:173,654
DA:174,654
DA:175,654
DA:176,654
DA:177,21
DA:178,21
DA:179,0
DA:180,0
DA:181,0
DA:182,0
DA:183,21
DA:184,21
DA:185,21
DA:186,21
DA:188,1
DA:189,21
DA:190,21
DA:191,21
DA:193,21
DA:194,0
DA:195,0
DA:197,21
DA:198,22
DA:199,21
DA:200,21
DA:202,1
DA:203,21
DA:204,21
DA:205,21
DA:206,21
DA:207,2
DA:208,2
DA:210,19
DA:211,19
DA:213,21
DA:214,0
DA:215,0
DA:217,19
DA:218,21
DA:219,0
DA:220,0
DA:222,19
DA:223,586
DA:224,586
DA:225,19
DA:229,19
DA:230,19
DA:231,19
DA:232,19
DA:233,19
DA:234,19
DA:235,21
DA:236,2
DA:237,2
DA:239,19
DA:240,19
DA:242,19
DA:243,19
DA:244,19
DA:245,19
DA:246,19
DA:247,19
DA:248,19
DA:249,19
DA:250,19
LF:176
LH:161
BRDA:38,0,0,16
BRDA:44,1,0,4
BRDA:44,2,0,2
BRDA:49,3,0,14
BRDA:51,4,0,2
BRDA:51,5,0,0
BRDA:56,6,0,14
BRDA:59,7,0,4
BRDA:61,8,0,3
BRDA:66,9,0,11
BRDA:69,10,0,3
BRDA:71,11,0,1
BRDA:76,12,0,10
BRDA:78,13,0,2
BRDA:78,14,0,1
BRDA:83,15,0,9
BRDA:85,16,0,2
BRDA:85,17,0,1
BRDA:90,18,0,8
BRDA:99,19,0,13
BRDA:109,20,0,62
BRDA:120,21,0,3046
BRDA:121,22,0,1487
BRDA:122,23,0,772
BRDA:123,24,0,262
BRDA:124,25,0,786
BRDA:135,26,0,21
BRDA:150,27,0,21
BRDA:158,28,0,18
BRDA:165,29,0,21
BRDA:170,30,0,654
BRDA:178,31,0,0
BRDA:188,32,0,21
BRDA:193,33,0,0
BRDA:189,34,0,597
BRDA:197,35,0,22
BRDA:198,36,0,599
BRDA:202,37,0,21
BRDA:206,38,0,19
BRDA:206,39,0,2
BRDA:208,40,0,19
BRDA:213,41,0,0
BRDA:215,42,0,19
BRDA:218,43,0,0
BRDA:220,44,0,19
BRDA:235,45,0,2
BRDA:237,46,0,19
BRDA:222,47,0,586
BRF:48
BRH:43
end_of_record
TN:
SF:packages/engine-core/src/headless-race.ts
FN:62,createHeadlessRace
FN:263,computeStreamHash
FNF:2
FNH:2
FNDA:108,createHeadlessRace
FNDA:108,computeStreamHash
DA:1,1
DA:2,1
DA:3,1
DA:4,1
DA:5,1
DA:6,1
DA:7,1
DA:49,1
DA:50,1
DA:51,1
DA:52,1
DA:53,1
DA:54,1
DA:55,1
DA:56,1
DA:57,1
DA:58,1
DA:59,1
DA:60,1
DA:62,1
DA:63,108
DA:64,108
DA:65,108
DA:66,108
DA:67,108
DA:68,0
DA:69,108
DA:70,108
DA:72,108
DA:73,108
DA:76,108
DA:77,108
DA:78,108
DA:79,2273
DA:80,2273
DA:81,2273
DA:82,2273
DA:83,2273
DA:86,108
DA:87,108
DA:88,108
DA:91,108
DA:92,108
DA:93,59
DA:94,59
DA:97,108
DA:98,39
DA:99,117
DA:100,117
DA:101,117
DA:102,117
DA:103,117
DA:104,117
DA:105,117
DA:106,117
DA:107,117
DA:108,117
DA:109,117
DA:110,0
DA:111,0
DA:112,0
DA:113,0
DA:114,0
DA:115,117
DA:116,39
DA:119,108
DA:120,108
DA:121,108
DA:122,108
DA:123,0
DA:124,108
DA:125,108
DA:126,108
DA:127,108
DA:130,108
DA:131,108
DA:132,108
DA:133,108
DA:134,147
DA:135,108
DA:136,108
DA:137,108
DA:138,108
DA:139,147
DA:142,108
DA:147,108
DA:148,108
DA:149,108
DA:150,108
DA:151,108
DA:152,108
DA:153,108
DA:154,108
DA:155,108
DA:156,108
DA:157,108
DA:160,108
DA:163,108
DA:164,108
DA:165,108
DA:166,108
DA:167,108
DA:168,108
DA:169,108
DA:170,108
DA:171,108
DA:172,108
DA:175,108
DA:178,108
DA:179,108
DA:180,108
DA:181,108
DA:182,108
DA:183,108
DA:184,108
DA:185,108
DA:186,108
DA:187,108
DA:188,108
DA:189,108
DA:190,108
DA:191,108
DA:194,108
DA:195,108
DA:196,108
DA:197,108
DA:198,108
DA:199,108
DA:200,108
DA:201,108
DA:202,108
DA:203,108
DA:204,108
DA:205,108
DA:206,108
DA:207,108
DA:210,108
DA:211,108
DA:212,108
DA:213,108
DA:214,108
DA:216,108
DA:217,192703
DA:218,192703
DA:219,192703
DA:220,192703
DA:221,57591
DA:222,135112
DA:223,192703
DA:224,192703
DA:225,192703
DA:228,192703
DA:229,192703
DA:230,192703
DA:233,192703
DA:236,192703
DA:237,93
DA:238,93
DA:241,192610
DA:242,192610
DA:243,192610
DA:244,192610
DA:245,192703
DA:246,8
DA:247,8
DA:248,192703
DA:250,108
DA:251,108
DA:252,108
DA:254,108
DA:255,108
DA:256,108
DA:257,108
DA:258,108
DA:259,108
DA:260,108
DA:261,108
DA:263,108
DA:265,108
DA:266,108
DA:267,108
DA:268,578109
DA:269,578109
DA:270,108
DA:271,108
DA:272,4624872
DA:273,4624872
DA:274,4624872
DA:275,108
DA:276,108
DA:279,1
DA:280,1
DA:281,1
LF:193
LH:186
BRDA:62,0,0,108
BRDA:67,1,0,0
BRDA:78,2,0,2273
BRDA:92,3,0,59
BRDA:92,4,0,59
BRDA:92,5,0,59
BRDA:97,6,0,39
BRDA:98,7,0,117
BRDA:109,8,0,0
BRDA:122,9,0,0
BRDA:133,10,0,147
BRDA:134,11,0,108
BRDA:216,12,0,192703
BRDA:220,13,0,57591
BRDA:221,14,0,135112
BRDA:236,15,0,93
BRDA:238,16,0,192610
BRDA:245,17,0,8
BRDA:125,18,0,2313
BRDA:126,19,0,2313
BRDA:127,20,0,2313
BRDA:263,21,0,108
BRDA:267,22,0,578109
BRDA:271,23,0,4624872
BRF:24
BRH:21
end_of_record
TN:
SF:packages/engine-core/src/headless.ts
FN:39,runHeadless
FN:264,computeStreamHash
FNF:2
FNH:2
FNDA:239,runHeadless
FNDA:237,computeStreamHash
DA:1,1
DA:2,1
DA:3,1
DA:4,1
DA:6,1
DA:7,1
DA:8,1
DA:26,1
DA:27,1
DA:28,1
DA:29,1
DA:30,1
DA:31,1
DA:32,1
DA:33,1
DA:34,1
DA:35,1
DA:36,1
DA:37,1
DA:39,1
DA:40,239
DA:42,239
DA:43,239
DA:46,237
DA:47,237
DA:49,237
DA:50,237
DA:52,237
DA:53,237
DA:56,237
DA:57,237
DA:58,239
DA:59,2777
DA:60,2777
DA:61,2777
DA:62,2777
DA:63,2777
DA:67,237
DA:68,237
DA:69,237
DA:70,239
DA:71,20
DA:72,20
DA:75,239
DA:76,20
DA:77,60
DA:78,60
DA:79,60
DA:80,60
DA:81,60
DA:82,60
DA:83,60
DA:84,60
DA:85,60
DA:86,60
DA:87,60
DA:88,0
DA:89,0
DA:90,0
DA:91,0
DA:92,0
DA:93,60
DA:94,20
DA:97,237
DA:98,237
DA:99,237
DA:100,237
DA:101,257
DA:102,237
DA:103,237
DA:104,237
DA:105,237
DA:106,257
DA:109,237
DA:110,237
DA:111,237
DA:112,237
DA:113,237
DA:114,0
DA:115,237
DA:116,239
DA:117,239
DA:118,239
DA:119,239
DA:124,239
DA:125,239
DA:126,239
DA:127,239
DA:128,239
DA:129,239
DA:130,239
DA:131,239
DA:132,239
DA:133,239
DA:134,239
DA:137,239
DA:139,239
DA:140,239
DA:141,239
DA:142,239
DA:143,239
DA:144,239
DA:145,239
DA:147,239
DA:150,239
DA:151,239
DA:152,239
DA:153,239
DA:154,239
DA:155,239
DA:156,239
DA:157,239
DA:158,239
DA:159,239
DA:160,239
DA:161,239
DA:162,239
DA:163,239
DA:165,239
DA:166,239
DA:167,239
DA:168,239
DA:169,239
DA:170,239
DA:171,239
DA:172,239
DA:173,239
DA:174,239
DA:175,239
DA:176,239
DA:177,239
DA:178,239
DA:180,239
DA:181,239
DA:182,239
DA:183,239
DA:184,239
DA:187,239
DA:188,239
DA:190,239
DA:191,177876
DA:192,177876
DA:193,177876
DA:194,177876
DA:195,2626
DA:196,175250
DA:197,177876
DA:198,177876
DA:199,177876
DA:202,177876
DA:203,851
DA:204,851
DA:206,177876
DA:209,177876
DA:210,779
DA:211,779
DA:212,779
DA:213,779
DA:214,779
DA:215,779
DA:216,779
DA:217,779
DA:218,779
DA:219,779
DA:220,779
DA:221,779
DA:222,779
DA:223,779
DA:224,779
DA:225,779
DA:227,779
DA:228,779
DA:229,779
DA:230,779
DA:233,177876
DA:234,177876
DA:235,177876
DA:237,177876
DA:239,177876
DA:242,177639
DA:243,177639
DA:244,177639
DA:245,177639
DA:246,177876
DA:247,0
DA:248,0
DA:249,177876
DA:251,237
DA:252,237
DA:253,237
DA:255,237
DA:256,237
DA:257,237
DA:258,237
DA:259,237
DA:260,237
DA:261,237
DA:262,237
DA:264,237
DA:265,237
DA:266,237
DA:267,237
DA:268,237
DA:269,237
DA:270,4269024
DA:271,4269024
DA:272,4269024
DA:273,237
DA:274,237
LF:209
LH:201
BRDA:39,0,0,239
BRDA:42,1,0,1
BRDA:42,2,0,238
BRDA:43,3,0,1
BRDA:43,4,0,237
BRDA:58,5,0,2777
BRDA:63,6,0,237
BRDA:70,7,0,20
BRDA:70,8,0,20
BRDA:70,9,0,20
BRDA:72,10,0,237
BRDA:75,11,0,20
BRDA:76,12,0,60
BRDA:87,13,0,0
BRDA:94,14,0,237
BRDA:100,15,0,257
BRDA:101,16,0,237
BRDA:113,17,0,0
BRDA:114,18,0,237
BRDA:190,19,0,177876
BRDA:194,20,0,2626
BRDA:195,21,0,175250
BRDA:202,22,0,851
BRDA:209,23,0,84263
BRDA:209,24,0,779
BRDA:239,25,0,237
BRDA:239,26,0,177639
BRDA:246,27,0,0
BRDA:249,28,0,237
BRDA:46,29,0,683
BRDA:116,30,0,2887
BRDA:117,31,0,2887
BRDA:118,32,0,2887
BRDA:264,33,0,237
BRDA:267,34,0,533628
BRDA:269,35,0,4269024
BRF:36
BRH:33
end_of_record
TN:
SF:packages/engine-core/src/index.ts
FN:1,(empty-report)
FNF:1
FNH:0
FNDA:0,(empty-report)
DA:1,0
DA:2,0
DA:4,0
DA:6,0
DA:13,0
DA:15,0
DA:17,0
DA:19,0
DA:21,0
DA:32,0
DA:39,0
LF:11
LH:0
BRDA:1,0,0,0
BRF:1
BRH:0
end_of_record
TN:
SF:packages/engine-core/src/prng.ts
FN:3,sfc32
FN:9,next
FN:25,state
FN:31,hashSeed
FNF:4
FNH:3
FNDA:376,sfc32
FNDA:392123,next
FNDA:0,state
FNDA:15,hashSeed
DA:3,1
DA:4,376
DA:5,376
DA:6,376
DA:7,376
DA:9,376
DA:10,392123
DA:11,392123
DA:12,392123
DA:13,392123
DA:14,392123
DA:15,392123
DA:16,392123
DA:17,392123
DA:18,392123
DA:19,392123
DA:20,392123
DA:21,392123
DA:23,376
DA:24,376
DA:25,376
DA:26,0
DA:27,0
DA:28,376
DA:29,376
DA:31,1
DA:32,15
DA:33,15
DA:34,15
DA:35,339
DA:36,339
DA:37,339
DA:38,15
DA:39,15
LF:34
LH:32
BRDA:3,0,0,376
BRDA:9,1,0,392123
BRDA:31,2,0,15
BRDA:34,3,0,339
BRF:4
BRH:4
end_of_record
TN:
SF:packages/engine-core/src/race-sim.ts
FN:70,<instance_members_initializer>
FN:95,RaceSim
FN:270,swapWheel
FN:292,getSwapLog
FN:296,enableMotor
FN:300,step
FN:367,snapshot
FN:383,isFinished
FN:387,isDnf
FN:391,destroy
FN:395,isStuck
FN:399,getElapsedMs
FN:407,getDiagnosticData
FNF:13
FNH:10
FNDA:26,<instance_members_initializer>
FNDA:26,RaceSim
FNDA:2,swapWheel
FNDA:0,getSwapLog
FNDA:25,enableMotor
FNDA:20342,step
FNDA:21968,snapshot
FNDA:1616,isFinished
FNDA:0,isDnf
FNDA:12,destroy
FNDA:1,isStuck
FNDA:0,getElapsedMs
FNDA:241,getDiagnosticData
DA:1,1
DA:2,1
DA:3,1
DA:4,1
DA:6,1
DA:7,1
DA:53,1
DA:54,1
DA:55,1
DA:56,1
DA:57,1
DA:58,1
DA:59,1
DA:60,1
DA:61,1
DA:62,1
DA:63,1
DA:64,1
DA:65,1
DA:66,1
DA:67,1
DA:68,1
DA:70,1
DA:71,26
DA:72,26
DA:73,26
DA:74,26
DA:75,26
DA:76,26
DA:77,26
DA:78,26
DA:79,26
DA:80,26
DA:81,26
DA:82,26
DA:83,26
DA:84,26
DA:85,26
DA:86,26
DA:87,26
DA:88,26
DA:91,26
DA:92,26
DA:93,26
DA:95,26
DA:96,26
DA:97,26
DA:98,26
DA:99,26
DA:100,26
DA:101,26
DA:102,26
DA:103,26
DA:106,26
DA:107,26
DA:108,26
DA:110,26
DA:111,26
DA:114,26
DA:115,26
DA:116,26
DA:117,26
DA:118,297
DA:119,297
DA:120,297
DA:121,297
DA:122,297
DA:126,26
DA:127,26
DA:128,26
DA:131,26
DA:132,26
DA:133,4
DA:134,4
DA:137,26
DA:138,4
DA:139,12
DA:140,12
DA:141,12
DA:142,12
DA:143,12
DA:144,12
DA:145,12
DA:146,12
DA:147,12
DA:148,12
DA:149,12
DA:150,0
DA:151,0
DA:152,0
DA:153,0
DA:154,0
DA:155,12
DA:156,4
DA:160,26
DA:161,26
DA:162,26
DA:163,26
DA:164,26
DA:165,0
DA:166,26
DA:167,26
DA:168,26
DA:169,26
DA:171,26
DA:172,26
DA:173,26
DA:174,26
DA:175,41
DA:176,26
DA:177,26
DA:178,26
DA:179,26
DA:180,41
DA:183,26
DA:186,26
DA:187,26
DA:188,26
DA:189,26
DA:190,26
DA:191,26
DA:192,26
DA:194,23
DA:195,23
DA:196,23
DA:197,26
DA:199,3
DA:200,3
DA:201,3
DA:202,3
DA:203,80
DA:204,80
DA:205,80
DA:206,80
DA:207,80
DA:208,3
DA:211,26
DA:212,26
DA:213,26
DA:214,26
DA:215,26
DA:216,26
DA:217,26
DA:218,26
DA:219,26
DA:220,26
DA:223,26
DA:224,26
DA:225,26
DA:228,26
DA:229,26
DA:230,26
DA:231,26
DA:232,26
DA:233,26
DA:234,26
DA:235,26
DA:236,26
DA:237,26
DA:238,26
DA:239,26
DA:240,26
DA:241,26
DA:242,26
DA:243,26
DA:246,26
DA:247,26
DA:250,26
DA:251,26
DA:252,26
DA:253,26
DA:254,26
DA:255,26
DA:256,26
DA:257,26
DA:258,26
DA:259,26
DA:260,26
DA:261,26
DA:262,26
DA:263,26
DA:264,26
DA:265,26
DA:267,26
DA:268,26
DA:270,26
DA:271,2
DA:272,2
DA:273,2
DA:274,2
DA:275,2
DA:276,2
DA:277,2
DA:278,2
DA:279,2
DA:280,2
DA:281,2
DA:282,2
DA:283,2
DA:284,2
DA:285,2
DA:286,2
DA:287,2
DA:288,2
DA:289,2
DA:290,2
DA:292,26
DA:293,0
DA:294,0
DA:296,26
DA:297,25
DA:298,25
DA:300,26
DA:301,20342
DA:302,0
DA:303,0
DA:304,0
DA:307,20342
DA:310,241
DA:311,241
DA:312,241
DA:313,482
DA:314,482
DA:315,482
DA:316,482
DA:317,482
DA:318,482
DA:319,482
DA:320,20342
DA:321,20101
DA:322,20101
DA:323,20101
DA:324,40202
DA:325,40202
DA:326,40202
DA:327,40202
DA:328,40202
DA:329,40202
DA:330,40202
DA:331,20101
DA:333,20342
DA:336,20342
DA:337,20342
DA:338,20342
DA:339,501
DA:340,19841
DA:341,20342
DA:342,20342
DA:343,20342
DA:344,20342
DA:345,20342
DA:347,20342
DA:348,20342
DA:349,11
DA:350,11
DA:351,11
DA:354,20331
DA:355,20331
DA:356,20331
DA:357,20331
DA:358,20342
DA:359,1
DA:360,1
DA:361,1
DA:362,1
DA:364,20331
DA:365,20342
DA:367,26
DA:368,21968
DA:369,21968
DA:370,21968
DA:371,21968
DA:372,21968
DA:373,21968
DA:374,21968
DA:375,21968
DA:376,21968
DA:377,21968
DA:378,21968
DA:379,21968
DA:380,21968
DA:381,21968
DA:383,26
DA:384,1616
DA:385,1616
DA:387,26
DA:388,0
DA:389,0
DA:391,26
DA:393,12
DA:395,26
DA:396,1
DA:397,1
DA:399,26
DA:400,0
DA:401,0
DA:407,26
DA:417,241
DA:418,241
DA:419,241
DA:420,241
DA:421,241
DA:422,241
DA:423,241
DA:424,241
DA:425,241
DA:426,241
DA:427,241
DA:428,241
DA:429,241
DA:430,241
DA:431,241
DA:432,26
DA:435,1
LF:314
LH:299
BRDA:70,0,0,26
BRDA:95,1,0,26
BRDA:101,2,0,11
BRDA:106,3,0,0
BRDA:107,4,0,0
BRDA:108,5,0,0
BRDA:117,6,0,297
BRDA:132,7,0,4
BRDA:132,8,0,4
BRDA:132,9,0,4
BRDA:137,10,0,4
BRDA:138,11,0,12
BRDA:149,12,0,0
BRDA:164,13,0,0
BRDA:174,14,0,41
BRDA:175,15,0,26
BRDA:192,16,0,23
BRDA:197,17,0,3
BRDA:202,18,0,80
BRDA:242,19,0,0
BRDA:264,20,0,0
BRDA:167,21,0,269
BRDA:168,22,0,269
BRDA:169,23,0,269
BRDA:186,24,0,269
BRDA:199,25,0,80
BRDA:200,26,0,80
BRDA:225,27,0,269
BRDA:246,28,0,269
BRDA:270,29,0,2
BRDA:271,30,0,0
BRDA:272,31,0,24
BRDA:296,32,0,25
BRDA:300,33,0,20342
BRDA:301,34,0,0
BRDA:307,35,0,241
BRDA:312,36,0,482
BRDA:320,37,0,20101
BRDA:323,38,0,40202
BRDA:338,39,0,501
BRDA:339,40,0,19841
BRDA:348,41,0,11
BRDA:351,42,0,20331
BRDA:358,43,0,1
BRDA:362,44,0,20331
BRDA:367,45,0,21968
BRDA:383,46,0,1616
BRDA:391,47,0,12
BRDA:395,48,0,1
BRDA:407,49,0,241
BRF:50
BRH:41
end_of_record
TN:
SF:packages/engine-core/src/replay-driver.ts
FN:1,(empty-report)
FNF:1
FNH:1
FNDA:1,(empty-report)
DA:33,0
DA:34,0
DA:35,0
DA:37,0
DA:38,0
DA:39,0
DA:40,0
DA:42,0
DA:43,0
DA:44,0
DA:46,0
DA:47,0
DA:48,0
DA:54,0
DA:57,0
DA:58,0
DA:59,0
DA:60,0
DA:61,0
DA:62,0
DA:64,0
DA:65,0
DA:66,0
DA:67,0
DA:68,0
DA:74,0
DA:75,0
DA:76,0
DA:77,0
DA:78,0
DA:79,0
DA:80,0
DA:81,0
DA:82,0
DA:83,0
DA:84,0
DA:85,0
DA:86,0
DA:87,0
DA:88,0
DA:89,0
DA:94,0
DA:95,0
DA:96,0
DA:102,0
DA:103,0
DA:104,0
DA:105,0
DA:106,0
DA:108,0
DA:109,0
DA:110,0
DA:111,0
DA:112,0
DA:113,0
DA:114,0
DA:115,0
DA:121,0
DA:122,0
DA:123,0
DA:124,0
DA:125,0
DA:126,0
DA:127,0
DA:129,0
DA:130,0
DA:131,0
DA:132,0
DA:133,0
DA:134,0
DA:135,0
DA:136,0
DA:137,0
DA:138,0
DA:139,0
DA:140,0
DA:141,0
DA:143,0
DA:144,0
DA:145,0
DA:146,0
DA:147,0
DA:148,0
DA:154,0
DA:160,0
DA:161,0
DA:162,0
DA:163,0
DA:164,0
DA:165,0
DA:167,0
DA:168,0
DA:169,0
DA:170,0
DA:171,0
DA:172,0
LF:96
LH:0
BRDA:1,0,0,1
BRF:1
BRH:1
end_of_record
TN:
SF:packages/engine-core/src/stuck-detector.ts
FN:17,<instance_members_initializer>
FN:25,reset
FN:34,setBaseline
FN:47,tick
FN:77,getRotations
FN:84,getBaselineX
FN:91,getMaxChassisX
FNF:7
FNH:7
FNDA:381,<instance_members_initializer>
FNDA:783,reset
FNDA:1349,setBaseline
FNDA:396897,tick
FNDA:359,getRotations
FNDA:9,getBaselineX
FNDA:2,getMaxChassisX
DA:11,1
DA:12,1
DA:13,1
DA:17,1
DA:18,381
DA:19,381
DA:20,381
DA:25,381
DA:26,783
DA:27,783
DA:28,783
DA:29,783
DA:34,381
DA:35,1349
DA:36,1349
DA:37,1349
DA:47,381
DA:50,396897
DA:51,396897
DA:52,396897
DA:55,396897
DA:59,396897
DA:60,396897
DA:61,26276
DA:62,26276
DA:63,26276
DA:64,26276
DA:67,396897
DA:68,15
DA:69,15
DA:71,370606
DA:72,396897
DA:77,381
DA:78,359
DA:79,359
DA:84,381
DA:85,9
DA:86,9
DA:91,381
DA:92,2
DA:93,2
DA:94,381
LF:42
LH:42
BRDA:17,0,0,381
BRDA:25,1,0,783
BRDA:34,2,0,1349
BRDA:47,3,0,396897
BRDA:60,4,0,26276
BRDA:64,5,0,370621
BRDA:67,6,0,15
BRDA:69,7,0,370606
BRDA:77,8,0,359
BRDA:84,9,0,9
BRDA:91,10,0,2
BRF:11
BRH:11
end_of_record
TN:
SF:packages/engine-core/src/surface.ts
FN:33,isValidSurfaceType
FN:37,parseSurfaces
FN:91,lookupSurface
FN:108,applyDrag
FN:125,validateZones
FN:174,createSurfaceContactFilter
FNF:6
FNH:6
FNDA:449,isValidSurfaceType
FNDA:382,parseSurfaces
FNDA:532057,lookupSurface
FNDA:390926,applyDrag
FNDA:136,validateZones
FNDA:85,createSurfaceContactFilter
DA:1,1
DA:6,1
DA:7,1
DA:8,1
DA:17,1
DA:18,1
DA:19,1
DA:20,1
DA:21,1
DA:22,1
DA:23,1
DA:24,1
DA:31,1
DA:33,1
DA:34,449
DA:35,449
DA:37,1
DA:38,382
DA:39,382
DA:40,382
DA:41,382
DA:42,382
DA:43,291
DA:44,291
DA:46,91
DA:48,94
DA:49,444
DA:50,444
DA:51,444
DA:52,444
DA:53,444
DA:54,444
DA:55,1
DA:56,1
DA:57,443
DA:58,444
DA:59,2
DA:60,2
DA:61,444
DA:62,1
DA:63,1
DA:64,440
DA:65,440
DA:66,440
DA:67,440
DA:68,440
DA:70,87
DA:72,87
DA:73,94
DA:74,440
DA:75,440
DA:76,1
DA:77,1
DA:78,1
DA:79,1
DA:80,439
DA:81,439
DA:82,94
DA:83,1
DA:84,1
DA:85,1
DA:86,1
DA:88,85
DA:89,85
DA:91,1
DA:92,532057
DA:93,532057
DA:94,532057
DA:95,822885
DA:96,822885
DA:97,822885
DA:98,98480
DA:99,822885
DA:100,192354
DA:101,724405
DA:102,532051
DA:103,532051
DA:104,822885
DA:105,6
DA:106,6
DA:108,1
DA:109,390926
DA:110,390926
DA:111,390926
DA:112,58804
DA:113,58804
DA:114,58804
DA:115,58804
DA:116,58804
DA:117,390926
DA:125,1
DA:126,136
DA:127,136
DA:128,136
DA:129,136
DA:130,136
DA:131,0
DA:132,0
DA:134,136
DA:136,136
DA:137,359
DA:138,359
DA:139,359
DA:140,359
DA:141,359
DA:142,359
DA:143,359
DA:144,0
DA:145,0
DA:146,359
DA:147,359
DA:148,0
DA:149,0
DA:150,359
DA:151,359
DA:153,136
DA:155,136
DA:156,136
DA:157,359
DA:158,359
DA:159,0
DA:160,0
DA:161,0
DA:162,0
DA:163,359
DA:164,359
DA:165,136
DA:166,0
DA:167,0
DA:168,0
DA:169,0
DA:171,136
DA:172,136
DA:174,1
DA:175,85
DA:176,85
DA:177,85
DA:178,85
DA:179,150804
DA:180,150804
DA:182,150804
DA:184,150804
DA:185,150804
DA:187,141118
DA:188,150804
DA:190,141118
DA:191,141118
DA:193,141118
DA:194,141118
DA:195,150804
DA:196,85
LF:151
LH:137
BRDA:33,0,0,449
BRDA:37,1,0,382
BRDA:42,2,0,92
BRDA:42,3,0,92
BRDA:42,4,0,291
BRDA:44,5,0,94
BRDA:44,6,0,91
BRDA:48,7,0,444
BRDA:54,8,0,1
BRDA:56,9,0,443
BRDA:58,10,0,442
BRDA:58,11,0,442
BRDA:58,12,0,2
BRDA:60,13,0,441
BRDA:61,14,0,1
BRDA:63,15,0,440
BRDA:68,16,0,87
BRDA:73,17,0,440
BRDA:75,18,0,1
BRDA:79,19,0,439
BRDA:81,20,0,86
BRDA:82,21,0,1
BRDA:86,22,0,85
BRDA:70,23,0,353
BRDA:91,24,0,532057
BRDA:94,25,0,822885
BRDA:97,26,0,98480
BRDA:99,27,0,724405
BRDA:99,28,0,192354
BRDA:101,29,0,532051
BRDA:104,30,0,6
BRDA:108,31,0,390926
BRDA:111,32,0,58804
BRDA:125,33,0,136
BRDA:130,34,0,0
BRDA:136,35,0,359
BRDA:143,36,0,0
BRDA:147,37,0,0
BRDA:156,38,0,359
BRDA:158,39,0,0
BRDA:165,40,0,0
BRDA:153,41,0,223
BRDA:174,42,0,85
BRDA:178,43,0,150804
BRDA:182,44,0,9686
BRDA:182,45,0,9686
BRDA:182,46,0,141118
BRDA:184,47,0,0
BRDA:185,48,0,0
BRDA:185,49,0,141118
BRDA:188,50,0,141118
BRDA:188,51,0,0
BRDA:188,52,0,141118
BRF:53
BRH:45
end_of_record
TN:
SF:packages/engine-core/src/swap.ts
FN:17,buildWheelBody
FN:71,executeWheelSwap
FN:119,executeTwinWheelSwap
FNF:3
FNH:3
FNDA:2300,buildWheelBody
FNDA:4,executeWheelSwap
FNDA:782,executeTwinWheelSwap
DA:1,1
DA:9,1
DA:10,1
DA:11,1
DA:12,1
DA:13,1
DA:14,1
DA:15,1
DA:17,1
DA:18,2300
DA:19,2300
DA:20,2300
DA:21,2300
DA:22,2300
DA:24,2300
DA:25,2300
DA:26,2300
DA:27,2300
DA:28,1
DA:29,2299
DA:31,2300
DA:32,2300
DA:34,2300
DA:36,1988
DA:37,1988
DA:38,1988
DA:39,1988
DA:40,1988
DA:41,2300
DA:43,312
DA:44,312
DA:45,312
DA:46,312
DA:47,9780
DA:48,9780
DA:49,9780
DA:50,9780
DA:51,9780
DA:52,9780
DA:53,9780
DA:54,312
DA:56,2300
DA:57,2300
DA:71,1
DA:72,4
DA:73,4
DA:74,4
DA:75,4
DA:76,4
DA:77,4
DA:78,4
DA:79,4
DA:81,4
DA:82,4
DA:83,4
DA:84,4
DA:87,4
DA:88,4
DA:91,4
DA:93,4
DA:94,4
DA:97,4
DA:98,4
DA:99,4
DA:100,4
DA:101,4
DA:102,4
DA:103,4
DA:104,4
DA:105,4
DA:106,4
DA:107,4
DA:108,4
DA:109,4
DA:110,4
DA:112,4
DA:114,4
DA:115,4
DA:117,1
DA:119,1
DA:120,782
DA:121,782
DA:122,782
DA:123,782
DA:124,782
DA:125,782
DA:126,782
DA:127,782
DA:128,782
DA:129,782
DA:131,782
DA:132,782
DA:135,782
DA:136,782
DA:137,782
DA:138,782
DA:139,782
DA:140,782
DA:141,782
DA:142,782
DA:143,782
DA:144,782
DA:145,782
DA:146,782
DA:147,782
DA:148,782
DA:149,782
DA:150,782
DA:151,782
DA:152,782
DA:153,782
DA:154,782
DA:155,782
DA:158,782
DA:159,782
DA:160,782
DA:161,782
DA:162,782
DA:163,782
DA:164,782
DA:165,782
DA:166,782
DA:167,782
DA:168,782
DA:169,782
DA:170,782
DA:171,782
DA:172,782
DA:173,782
DA:174,782
DA:175,782
DA:176,782
DA:177,782
DA:178,782
DA:180,782
DA:182,782
DA:183,782
LF:137
LH:137
BRDA:17,0,0,2300
BRDA:27,1,0,1
BRDA:28,2,0,2299
BRDA:34,3,0,1988
BRDA:41,4,0,312
BRDA:46,5,0,9780
BRDA:32,6,0,21735
BRDA:43,7,0,9780
BRDA:44,8,0,9780
BRDA:71,9,0,4
BRDA:119,10,0,782
BRF:11
BRH:11
end_of_record
TN:
SF:packages/engine-core/src/test-motor-negative.ts
FN:1,(empty-report)
FNF:1
FNH:1
FNDA:1,(empty-report)
DA:28,0
DA:29,0
DA:30,0
DA:33,0
DA:34,0
DA:35,0
DA:36,0
DA:37,0
DA:38,0
DA:39,0
DA:40,0
DA:41,0
DA:42,0
DA:43,0
LF:14
LH:0
BRDA:1,0,0,1
BRF:1
BRH:1
end_of_record
TN:
SF:packages/engine-core/src/version.ts
FNF:0
FNH:0
DA:1,1
DA:4,1
LF:2
LH:2
BRF:0
BRH:0
end_of_record
TN:
SF:packages/engine-core/src/wasm-entry.ts
FN:1,(empty-report)
FNF:1
FNH:1
FNDA:1,(empty-report)
DA:8,0
DA:14,0
DA:15,0
DA:16,0
DA:22,0
DA:23,0
DA:24,0
LF:7
LH:0
BRDA:1,0,0,1
BRF:1
BRH:1
end_of_record
